Starting blog processing with improved desvio body handling...
Processing blog/dos-laboratórios-experimentais-à-inovação-cidadã.html...
SUCCESS: Created _posts/2017-06-13-dos-laborat-rios-experimentais-inova-o-cidad.md from blog/dos-laboratórios-experimentais-à-inovação-cidadã.html
Processing blog/colartedigital.html...
SUCCESS: Created _posts/2010-10-04-colartedigital.md from blog/colartedigital.html
Processing blog/postura-experimental.html...
SUCCESS: Created _posts/2012-06-20-postura-experimental.md from blog/postura-experimental.html
Processing blog/encontro-redelabs-preparando.html...
SUCCESS: Created _posts/2010-11-04-encontro-redelabs-preparando.md from blog/encontro-redelabs-preparando.html
Processing blog/premio-brasil-criativo.html...
SUCCESS: Created _posts/2012-02-09-premio-brasil-criativo.md from blog/premio-brasil-criativo.html
Processing blog/laborando-em-rede.html...
SUCCESS: Created _posts/2010-04-21-laborando-em-rede.md from blog/laborando-em-rede.html
Processing blog/redelabs-valeu.html...
SUCCESS: Created _posts/2010-11-30-redelabs-valeu.md from blog/redelabs-valeu.html
Processing blog/projetos-selecionados-para-o-labic.html...
SUCCESS: Created _posts/2015-08-28-projetos-selecionados-para-o-labic.md from blog/projetos-selecionados-para-o-labic.html
Processing blog/labtolab-diario.html...
SUCCESS: Created _posts/2010-07-12-labtolab-diario.md from blog/labtolab-diario.html
Processing blog/conclusao.html...
SUCCESS: Created _posts/2014-04-28-conclusao.md from blog/conclusao.html
Processing blog/espaços-de-inovação-na-américa-latina.html...
SUCCESS: Created _posts/2016-03-02-espa-os-de-inova-o-na-am-rica-latina.md from blog/espaços-de-inovação-na-américa-latina.html
Processing blog/um-resumo-do-brasil-profundo.html...
SUCCESS: Created _posts/2010-06-14-um-resumo-do-brasil-profundo.md from blog/um-resumo-do-brasil-profundo.html
Processing blog/uma-conversa-com-james-wallbank.html...
SUCCESS: Created _posts/2010-06-02-uma-conversa-com-james-wallbank.md from blog/uma-conversa-com-james-wallbank.html
Processing blog/redelabs-laboratórios-experimentais-em-rede.html...
SUCCESS: Created _posts/2014-06-22-redelabs-laborat-rios-experimentais-em-rede.md from blog/redelabs-laboratórios-experimentais-em-rede.html
Processing blog/experimentacao.html...
SUCCESS: Created _posts/2011-04-05-experimentacao.md from blog/experimentacao.html
Processing blog/lab-ars-electronica-itu-telecom-doha-catar.html...
SUCCESS: Created _posts/2015-01-21-lab-ars-electronica-itu-telecom-doha-catar.md from blog/lab-ars-electronica-itu-telecom-doha-catar.html
Processing blog/brazil-no-labsurlab.html...
SUCCESS: Created _posts/2011-04-27-brazil-no-labsurlab.md from blog/brazil-no-labsurlab.html
Processing blog/tropixel-labs.html...
SUCCESS: Created _posts/2015-07-11-tropixel-labs.md from blog/tropixel-labs.html
Processing blog/cultura-digital-experimental-parte-3-lista-metareciclagem.html...
SUCCESS: Created _posts/2010-06-17-cultura-digital-experimental-parte-3-lista-metareciclagem.md from blog/cultura-digital-experimental-parte-3-lista-metareciclagem.html
Processing blog/ecolocatividade.html...
SUCCESS: Created _posts/2012-06-26-ecolocatividade.md from blog/ecolocatividade.html
Processing blog/tecnoxamanismo-digitofagico.html...
SUCCESS: Created _posts/2011-05-27-tecnoxamanismo-digitofagico.md from blog/tecnoxamanismo-digitofagico.html
Processing blog/cultura-digital-experimental-parte-2-google-buzz.html...
INFO: Corresponding directory blog/cultura-digital-experimental-parte-2-google-buzz/ found. Will process blog/cultura-digital-experimental-parte-2-google-buzz.html and assume blog/cultura-digital-experimental-parte-2-google-buzz/index.html is a duplicate if it exists.
SUCCESS: Created _posts/2010-06-08-cultura-digital-experimental-parte-2-google-buzz.md from blog/cultura-digital-experimental-parte-2-google-buzz.html
Processing blog/laboratorios-experimentais-interface-rede-rua.html...
SUCCESS: Created _posts/2011-03-03-laboratorios-experimentais-interface-rede-rua.md from blog/laboratorios-experimentais-interface-rede-rua.html
Processing blog/redelabs-comecando.html...
SUCCESS: Created _posts/2010-11-15-redelabs-comecando.md from blog/redelabs-comecando.html
Processing blog/imersão-no-ruralscapes.html...
SUCCESS: Created _posts/2015-07-13-imers-o-no-ruralscapes.md from blog/imersão-no-ruralscapes.html
Processing blog/nascentes-de-dados-da-fumaça.html...
SUCCESS: Created _posts/2015-05-17-nascentes-de-dados-da-fuma-a.md from blog/nascentes-de-dados-da-fumaça.html
Processing blog/painel-internacional-laboratorios-experimentais.html...
SUCCESS: Created _posts/2010-12-02-painel-internacional-laboratorios-experimentais.md from blog/painel-internacional-laboratorios-experimentais.html
Processing blog/labx-festival-culturadigitalbr.html...
SUCCESS: Created _posts/2012-01-23-labx-festival-culturadigitalbr.md from blog/labx-festival-culturadigitalbr.html
Processing blog/laboratório-de-inovação-cidadã-recebe-propostas.html...
SUCCESS: Created _posts/2015-07-13-laborat-rio-de-inova-o-cidad-recebe-propostas.md from blog/laboratório-de-inovação-cidadã-recebe-propostas.html
Processing blog/fast-forward-ffwd-hip3rorganicos.html...
SUCCESS: Created _posts/2013-06-03-fast-forward-ffwd-hip3rorganicos.md from blog/fast-forward-ffwd-hip3rorganicos.html
Processing blog/para-que-serve-um-telecentro.html...
SUCCESS: Created _posts/2013-08-05-para-que-serve-um-telecentro.md from blog/para-que-serve-um-telecentro.html
Processing blog/redelabs-contexto.html...
SUCCESS: Created _posts/2010-04-25-redelabs-contexto.md from blog/redelabs-contexto.html
Processing blog/future-everything-festivais-como-laboratorios-vivos.html...
INFO: Corresponding directory blog/future-everything-festivais-como-laboratorios-vivos/ found. Will process blog/future-everything-festivais-como-laboratorios-vivos.html and assume blog/future-everything-festivais-como-laboratorios-vivos/index.html is a duplicate if it exists.
SUCCESS: Created _posts/2010-08-20-future-everything-festivais-como-laboratorios-vivos.md from blog/future-everything-festivais-como-laboratorios-vivos.html
Processing blog/labs-experimentais.html...
SUCCESS: Created _posts/2011-09-30-labs-experimentais.md from blog/labs-experimentais.html
Processing blog/encontro-de-labs-durante-o-red-bull-basement.html...
SUCCESS: Created _posts/2015-07-27-encontro-de-labs-durante-o-red-bull-basement.md from blog/encontro-de-labs-durante-o-red-bull-basement.html
Processing blog/publicando.html...
SUCCESS: Created _posts/2014-08-30-publicando.md from blog/publicando.html
Processing blog/laboratorios-e-redes-desde-uma-perspectiva-das-comunidades-–-comunidades-desde-uma-perspectiva-.html...
SUCCESS: Created _posts/2011-04-14-laboratorios-e-redes-desde-uma-perspectiva-das-comunidades-comunidades-desde-uma-perspectiva.md from blog/laboratorios-e-redes-desde-uma-perspectiva-das-comunidades-–-comunidades-desde-uma-perspectiva-.html
Processing blog/bate-papo-com-gisela-domschke.html...
SUCCESS: Created _posts/2010-09-03-bate-papo-com-gisela-domschke.md from blog/bate-papo-com-gisela-domschke.html
Processing blog/sobre-labs-e-futuros.html...
SUCCESS: Created _posts/2012-03-11-sobre-labs-e-futuros.md from blog/sobre-labs-e-futuros.html
Processing blog/vídeo-do-painel-internacional-laboratórios-experimentais-2010.html...
SUCCESS: Created _posts/2016-05-31-v-deo-do-painel-internacional-laborat-rios-experimentais-2010.md from blog/vídeo-do-painel-internacional-laboratórios-experimentais-2010.html
Processing blog/laboratorios-de-experimentacao-em-cultura-digital-gangues-e-industria-criativa.html...
SUCCESS: Created _posts/2010-06-28-laboratorios-de-experimentacao-em-cultura-digital-gangues-e-industria-criativa.md from blog/laboratorios-de-experimentacao-em-cultura-digital-gangues-e-industria-criativa.html
Processing blog/simposio-rumos-arte-cibernetica.html...
SUCCESS: Created _posts/2011-06-30-simposio-rumos-arte-cibernetica.md from blog/simposio-rumos-arte-cibernetica.html
Processing blog/convocatoria-para-colaboradores-interactivos13-nuvem.html...
SUCCESS: Created _posts/2013-08-13-convocatoria-para-colaboradores-interactivos13-nuvem.md from blog/convocatoria-para-colaboradores-interactivos13-nuvem.html
Processing blog/lugar-e-espaco.html...
INFO: Corresponding directory blog/lugar-e-espaco/ found. Will process blog/lugar-e-espaco.html and assume blog/lugar-e-espaco/index.html is a duplicate if it exists.
SUCCESS: Created _posts/2010-05-28-lugar-e-espaco.md from blog/lugar-e-espaco.html
Processing blog/redelabs-no-laboratório-de-cidades-sensitivas-labceus.html...
SUCCESS: Created _posts/2015-07-27-redelabs-no-laborat-rio-de-cidades-sensitivas-labceus.md from blog/redelabs-no-laboratório-de-cidades-sensitivas-labceus.html
Processing blog/modelos-e-perspectivas-empyre.html...
SUCCESS: Created _posts/2010-06-28-modelos-e-perspectivas-empyre.md from blog/modelos-e-perspectivas-empyre.html
Processing blog/revisitando-encontro-redelabs-em-2010.html...
SUCCESS: Created _posts/2015-09-09-revisitando-encontro-redelabs-em-2010.md from blog/revisitando-encontro-redelabs-em-2010.html
Processing blog/oficinas-sesc-pompeia.html...
SUCCESS: Created _posts/2014-02-11-oficinas-sesc-pompeia.md from blog/oficinas-sesc-pompeia.html
Processing blog/hacklab-enredado.html...
SUCCESS: Created _posts/2011-09-21-hacklab-enredado.md from blog/hacklab-enredado.html
Processing blog/lab-sur-lab.html...
SUCCESS: Created _posts/2011-02-28-lab-sur-lab.md from blog/lab-sur-lab.html
Processing blog/apresentação-do-levantamento-redelabs-neste-sábado.html...
SUCCESS: Created _posts/2015-08-20-apresenta-o-do-levantamento-redelabs-neste-s-bado.md from blog/apresentação-do-levantamento-redelabs-neste-sábado.html
Processing blog/redelabs-no-forum-da-cultura-digital-2010.html...
SUCCESS: Created _posts/2010-10-19-redelabs-no-forum-da-cultura-digital-2010.md from blog/redelabs-no-forum-da-cultura-digital-2010.html
Processing blog/labs-cidadaos.html...
SUCCESS: Created _posts/2013-02-17-labs-cidadaos.md from blog/labs-cidadaos.html
Processing blog/labceus-divulgam-lista-de-projetos-pré-selecionados.html...
SUCCESS: Created _posts/2015-07-09-labceus-divulgam-lista-de-projetos-pr-selecionados.md from blog/labceus-divulgam-lista-de-projetos-pré-selecionados.html
Processing blog/midias-locativas-regiao-amazonica.html...
SUCCESS: Created _posts/2012-02-09-midias-locativas-regiao-amazonica.md from blog/midias-locativas-regiao-amazonica.html
Processing blog/dissertacao-redigida.html...
SUCCESS: Created _posts/2014-03-11-dissertacao-redigida.md from blog/dissertacao-redigida.html
Processing blog/resultado-do-edital-“agentes-de-governo-aberto”-do-programa-são-paulo-aberta.html...
SUCCESS: Created _posts/2015-09-09-resultado-do-edital-agentes-de-governo-aberto-do-programa-s-o-paulo-aberta.md from blog/resultado-do-edital-“agentes-de-governo-aberto”-do-programa-são-paulo-aberta.html
Processing blog/redelabs-caminhos-brasileiros-para-cultura-digital-experimental.html...
SUCCESS: Created _posts/2010-06-15-redelabs-caminhos-brasileiros-para-cultura-digital-experimental.md from blog/redelabs-caminhos-brasileiros-para-cultura-digital-experimental.html
Processing blog/o-futuro-dos-laboratorios.html...
SUCCESS: Created _posts/2010-10-17-o-futuro-dos-laboratorios.md from blog/o-futuro-dos-laboratorios.html
Processing blog/entrevista-com-rachel-rosalen-e-rafael-marchetti-–-idealizadores-e-coordenadores-do-ruralscapes.html...
SUCCESS: Created _posts/2015-09-26-entrevista-com-rachel-rosalen-e-rafael-marchetti-idealizadores-e-coordenadores-do-ruralscapes.md from blog/entrevista-com-rachel-rosalen-e-rafael-marchetti-–-idealizadores-e-coordenadores-do-ruralscapes.html
Processing blog/sobre-labs.html...
SUCCESS: Created _posts/2014-04-09-sobre-labs.md from blog/sobre-labs.html
Processing blog/edison.html...
SUCCESS: Created _posts/2014-03-11-edison.md from blog/edison.html
Processing blog/cidades-digitais.html...
SUCCESS: Created _posts/2010-08-30-cidades-digitais.md from blog/cidades-digitais.html
Processing blog/redelabs-uma-semana.html...
SUCCESS: Created _posts/2010-11-30-redelabs-uma-semana.md from blog/redelabs-uma-semana.html
Processing blog/metas-do-pnc.html...
SUCCESS: Created _posts/2012-01-26-metas-do-pnc.md from blog/metas-do-pnc.html
Processing blog/fablabs-makerspaces-gambiarra-e-conserto.html...
SUCCESS: Created _posts/2014-08-14-fablabs-makerspaces-gambiarra-e-conserto.md from blog/fablabs-makerspaces-gambiarra-e-conserto.html
Processing blog/digital-culture-short-report.html...
SUCCESS: Created _posts/2015-01-21-digital-culture-short-report.md from blog/digital-culture-short-report.html
Processing blog/registro-do-encontro-aberto-de-labs-red-bull-basement.html...
SUCCESS: Created _posts/2015-09-02-registro-do-encontro-aberto-de-labs-red-bull-basement.md from blog/registro-do-encontro-aberto-de-labs-red-bull-basement.html
Processing blog/segunda-chamada-para-ocupações-do-labceus.html...
SUCCESS: Created _posts/2015-06-08-segunda-chamada-para-ocupa-es-do-labceus.md from blog/segunda-chamada-para-ocupações-do-labceus.html
Processing blog/fisli-debate-cultura-digital-experimental.html...
SUCCESS: Created _posts/2010-07-28-fisli-debate-cultura-digital-experimental.md from blog/fisli-debate-cultura-digital-experimental.html
Processing blog/painel-laboratorios-experimentais-anotacoes.html...
SUCCESS: Created _posts/2010-12-02-painel-laboratorios-experimentais-anotacoes.md from blog/painel-laboratorios-experimentais-anotacoes.html
Processing blog/medialab-prado.html...
SUCCESS: Created _posts/2013-07-14-medialab-prado.md from blog/medialab-prado.html
Processing blog/bolsa-de-cultura-digital-experimental-documentando.html...
SUCCESS: Created _posts/2011-01-16-bolsa-de-cultura-digital-experimental-documentando.md from blog/bolsa-de-cultura-digital-experimental-documentando.html
Processing blog/grupo-redelabs.html...
SUCCESS: Created _posts/2010-05-25-grupo-redelabs.md from blog/grupo-redelabs.html
Processing blog/eventos.html...
SUCCESS: Created _posts/2010-05-28-eventos.md from blog/eventos.html
Processing blog/redelabs-nao-redelab.html...
SUCCESS: Created _posts/2011-02-28-redelabs-nao-redelab.md from blog/redelabs-nao-redelab.html
Processing blog/encontro-redelabs-como-foi.html...
SUCCESS: Created _posts/2010-11-30-encontro-redelabs-como-foi.md from blog/encontro-redelabs-como-foi.html
Processing blog/entrevista-drew-hemment.html...
SUCCESS: Created _posts/2010-08-20-entrevista-drew-hemment.md from blog/entrevista-drew-hemment.html
Processing blog/laboratórios-experimentais-espaços-em-branco-na-educação-formal.html...
SUCCESS: Created _posts/2015-10-13-laborat-rios-experimentais-espa-os-em-branco-na-educa-o-formal.md from blog/laboratórios-experimentais-espaços-em-branco-na-educação-formal.html
Processing blog/labe-laboratorios-experimentais-de-criatividade.html...
SUCCESS: Created _posts/2014-02-11-labe-laboratorios-experimentais-de-criatividade.md from blog/labe-laboratorios-experimentais-de-criatividade.html
Processing blog/de-mudanca.html...
SUCCESS: Created _posts/2011-02-25-de-mudanca.md from blog/de-mudanca.html
Processing blog/plenaria-do-eixo-arte-digital-relatoria.html...
SUCCESS: Created _posts/2010-07-04-plenaria-do-eixo-arte-digital-relatoria.md from blog/plenaria-do-eixo-arte-digital-relatoria.html
Processing blog/redelabs-segunda-etapa.html...
SUCCESS: Created _posts/2014-09-28-redelabs-segunda-etapa.md from blog/redelabs-segunda-etapa.html
Processing blog/conversa-com-cesar-harada.html...
SUCCESS: Created _posts/2010-09-15-conversa-com-cesar-harada.md from blog/conversa-com-cesar-harada.html
Processing blog/transformaking-chamada-aberta.html...
SUCCESS: Created _posts/2015-06-19-transformaking-chamada-aberta.md from blog/transformaking-chamada-aberta.html
Processing blog/chamada-aberta-do-edital-rumos-itaú-cultural.html...
SUCCESS: Created _posts/2015-09-02-chamada-aberta-do-edital-rumos-ita-cultural.md from blog/chamada-aberta-do-edital-rumos-itaú-cultural.html
Processing blog/redelabs-alinhando.html...
SUCCESS: Created _posts/2010-11-30-redelabs-alinhando.md from blog/redelabs-alinhando.html
Processing blog/video-casa-da-cultura-digital.html...
SUCCESS: Created _posts/2012-07-05-video-casa-da-cultura-digital.md from blog/video-casa-da-cultura-digital.html
Processing blog/o-futuro-da-cultura-lab.html...
SUCCESS: Created _posts/2015-11-02-o-futuro-da-cultura-lab.md from blog/o-futuro-da-cultura-lab.html
Processing blog/video-cachoeira-bahia.html...
SUCCESS: Created _posts/2012-07-11-video-cachoeira-bahia.md from blog/video-cachoeira-bahia.html
Processing blog/revolucao-digital-ja-chegou-e-depois.html...
SUCCESS: Created _posts/2011-05-28-revolucao-digital-ja-chegou-e-depois.md from blog/revolucao-digital-ja-chegou-e-depois.html
Processing blog/ciclo-hack.html...
SUCCESS: Created _posts/2011-07-04-ciclo-hack.md from blog/ciclo-hack.html
Processing blog/entrevista-alejo-duque.html...
SUCCESS: Created _posts/2010-08-09-entrevista-alejo-duque.md from blog/entrevista-alejo-duque.html
Processing blog/wiki.html...
SUCCESS: Created _posts/2010-04-25-wiki.md from blog/wiki.html
Processing blog/labtolab.html...
SUCCESS: Created _posts/2010-06-07-labtolab.md from blog/labtolab.html
Processing blog/campus-party-labs-e-centros-de-fomento-cultura-digital.html...
SUCCESS: Created _posts/2011-02-28-campus-party-labs-e-centros-de-fomento-cultura-digital.md from blog/campus-party-labs-e-centros-de-fomento-cultura-digital.html
Processing blog/mostra-de-labs-deaf-2012.html...
SUCCESS: Created _posts/2011-07-27-mostra-de-labs-deaf-2012.md from blog/mostra-de-labs-deaf-2012.html
Processing blog/laboratorios-de-midia-referencias.html...
SUCCESS: Created _posts/2010-06-13-laboratorios-de-midia-referencias.md from blog/laboratorios-de-midia-referencias.html
Processing blog/mappa-laboratorios-do-mundo-todo.html...
SUCCESS: Created _posts/2012-02-08-mappa-laboratorios-do-mundo-todo.md from blog/mappa-laboratorios-do-mundo-todo.html
Processing blog/cultura-digital-experimental-parte-1-twitter.html...
INFO: Corresponding directory blog/cultura-digital-experimental-parte-1-twitter/ found. Will process blog/cultura-digital-experimental-parte-1-twitter.html and assume blog/cultura-digital-experimental-parte-1-twitter/index.html is a duplicate if it exists.
SUCCESS: Created _posts/2010-06-07-cultura-digital-experimental-parte-1-twitter.md from blog/cultura-digital-experimental-parte-1-twitter.html
Processing blog/labsurlab.html...
SUCCESS: Created _posts/2012-02-26-labsurlab.md from blog/labsurlab.html
Processing blog/labsurlab-minga-abierta-y-comun-lab.html...
SUCCESS: Created _posts/2012-03-22-labsurlab-minga-abierta-y-comun-lab.md from blog/labsurlab-minga-abierta-y-comun-lab.html
Processing blog/arte-do-cibridismo.html...
SUCCESS: Created _posts/2010-08-01-arte-do-cibridismo.md from blog/arte-do-cibridismo.html
Processing blog/interactivos-10-bh.html...
SUCCESS: Created _posts/2010-09-23-interactivos-10-bh.md from blog/interactivos-10-bh.html
Processing blog/video-solvendo-e-coagulando.html...
SUCCESS: Created _posts/2012-06-20-video-solvendo-e-coagulando.md from blog/video-solvendo-e-coagulando.html
Processing blog/hackpraxis-boom-2011-–-parte-1.html...
SUCCESS: Created _posts/2011-03-14-hackpraxis-boom-2011-parte-1.md from blog/hackpraxis-boom-2011-–-parte-1.html
Processing blog/arranjos-experimentais-última-parte.html...
SUCCESS: Created _posts/2014-10-25-arranjos-experimentais-ltima-parte.md from blog/arranjos-experimentais-última-parte.html
Processing blog/redelabs-campus-party.html...
SUCCESS: Created _posts/2011-01-16-redelabs-campus-party.md from blog/redelabs-campus-party.html
Processing blog/file.html...
SUCCESS: Created _posts/2010-07-29-file.md from blog/file.html
Processing blog/toscolab-utopia.html...
SUCCESS: Created _posts/2011-04-27-toscolab-utopia.md from blog/toscolab-utopia.html
Processing blog/o-seminario-redelabs.html...
SUCCESS: Created _posts/2010-05-25-o-seminario-redelabs.md from blog/o-seminario-redelabs.html
Processing blog/interfaces-publicas.html...
SUCCESS: Created _posts/2012-09-18-interfaces-publicas.md from blog/interfaces-publicas.html
Processing blog/netart-latino-database.html...
SUCCESS: Created _posts/2010-10-18-netart-latino-database.md from blog/netart-latino-database.html
Processing blog/desvio.weblab.tk/blog/medialabs-pra-quê-mesmo-1.html...
ERROR: Could not extract body for blog/desvio.weblab.tk/blog/medialabs-pra-quê-mesmo-1.html with any new selectors. Skipping.
