
Sanitizing Markdown image links in: ./_posts/2013-08-05-para-que-serve-um-telecentro.md
No changes made to ./_posts/2013-08-05-para-que-serve-um-telecentro.md by the test regex.
Sanitizing Markdown image links in: ./_posts/2012-03-11-sobre-labs-e-futuros.md
No changes made to ./_posts/2012-03-11-sobre-labs-e-futuros.md by the test regex.
Sanitizing Markdown image links in: ./_posts/2015-09-02-registro-do-encontro-aberto-de-labs-red-bull-basement.md
No changes made to ./_posts/2015-09-02-registro-do-encontro-aberto-de-labs-red-bull-basement.md by the test regex.
Sanitizing Markdown image links in: ./_posts/2014-06-22-redelabs-laborat-rios-experimentais-em-rede.md
No changes made to ./_posts/2014-06-22-redelabs-laborat-rios-experimentais-em-rede.md by the test regex.
Sanitizing Markdown image links in: ./_posts/2010-07-29-file.md
No changes made to ./_posts/2010-07-29-file.md by the test regex.
Sanitizing Markdown image links in: ./_posts/2014-02-11-oficinas-sesc-pompeia.md
No changes made to ./_posts/2014-02-11-oficinas-sesc-pompeia.md by the test regex.
Sanitizing Markdown image links in: ./_posts/2013-02-17-labs-cidadaos.md
No changes made to ./_posts/2013-02-17-labs-cidadaos.md by the test regex.
Sanitizing Markdown image links in: ./_posts/2010-09-15-conversa-com-cesar-harada.md
No changes made to ./_posts/2010-09-15-conversa-com-cesar-harada.md by the test regex.
Sanitizing Markdown image links in: ./_posts/2011-01-16-redelabs-campus-party.md
No changes made to ./_posts/2011-01-16-redelabs-campus-party.md by the test regex.
Sanitizing Markdown image links in: ./_posts/2010-11-30-redelabs-alinhando.md
No changes made to ./_posts/2010-11-30-redelabs-alinhando.md by the test regex.
Sanitizing Markdown image links in: ./_posts/2011-07-27-mostra-de-labs-deaf-2012.md
No changes made to ./_posts/2011-07-27-mostra-de-labs-deaf-2012.md by the test regex.
Sanitizing Markdown image links in: ./_posts/2016-05-31-v-deo-do-painel-internacional-laborat-rios-experimentais-2010.md
No changes made to ./_posts/2016-05-31-v-deo-do-painel-internacional-laborat-rios-experimentais-2010.md by the test regex.
Sanitizing Markdown image links in: ./_posts/2012-06-20-video-solvendo-e-coagulando.md
No changes made to ./_posts/2012-06-20-video-solvendo-e-coagulando.md by the test regex.
Sanitizing Markdown image links in: ./_posts/2015-11-02-o-futuro-da-cultura-lab.md
No changes made to ./_posts/2015-11-02-o-futuro-da-cultura-lab.md by the test regex.
Sanitizing Markdown image links in: ./_posts/2011-04-27-toscolab-utopia.md
No changes made to ./_posts/2011-04-27-toscolab-utopia.md by the test regex.
Sanitizing Markdown image links in: ./_posts/2014-04-28-conclusao.md
No changes made to ./_posts/2014-04-28-conclusao.md by the test regex.
Sanitizing Markdown image links in: ./_posts/2011-07-04-ciclo-hack.md
No changes made to ./_posts/2011-07-04-ciclo-hack.md by the test regex.
Sanitizing Markdown image links in: ./_posts/2010-05-25-o-seminario-redelabs.md
No changes made to ./_posts/2010-05-25-o-seminario-redelabs.md by the test regex.
Sanitizing Markdown image links in: ./_posts/2011-05-28-revolucao-digital-ja-chegou-e-depois.md
No changes made to ./_posts/2011-05-28-revolucao-digital-ja-chegou-e-depois.md by the test regex.
Sanitizing Markdown image links in: ./_posts/2011-02-28-campus-party-labs-e-centros-de-fomento-cultura-digital.md
No changes made to ./_posts/2011-02-28-campus-party-labs-e-centros-de-fomento-cultura-digital.md by the test regex.
Sanitizing Markdown image links in: ./_posts/2010-06-13-laboratorios-de-midia-referencias.md
No changes made to ./_posts/2010-06-13-laboratorios-de-midia-referencias.md by the test regex.
Sanitizing Markdown image links in: ./_posts/2010-06-14-um-resumo-do-brasil-profundo.md
No changes made to ./_posts/2010-06-14-um-resumo-do-brasil-profundo.md by the test regex.
Sanitizing Markdown image links in: ./_posts/2010-08-30-cidades-digitais.md
No changes made to ./_posts/2010-08-30-cidades-digitais.md by the test regex.
Sanitizing Markdown image links in: ./_posts/2010-06-07-cultura-digital-experimental-parte-1-twitter.md
No changes made to ./_posts/2010-06-07-cultura-digital-experimental-parte-1-twitter.md by the test regex.
Sanitizing Markdown image links in: ./_posts/2010-06-02-uma-conversa-com-james-wallbank.md
No changes made to ./_posts/2010-06-02-uma-conversa-com-james-wallbank.md by the test regex.
Sanitizing Markdown image links in: ./_posts/2013-07-14-medialab-prado.md
No changes made to ./_posts/2013-07-14-medialab-prado.md by the test regex.
Sanitizing Markdown image links in: ./_posts/2012-02-09-midias-locativas-regiao-amazonica.md
No changes made to ./_posts/2012-02-09-midias-locativas-regiao-amazonica.md by the test regex.
Sanitizing Markdown image links in: ./_posts/2010-05-25-grupo-redelabs.md
No changes made to ./_posts/2010-05-25-grupo-redelabs.md by the test regex.
Sanitizing Markdown image links in: ./_posts/2010-12-02-painel-internacional-laboratorios-experimentais.md
No changes made to ./_posts/2010-12-02-painel-internacional-laboratorios-experimentais.md by the test regex.
Sanitizing Markdown image links in: ./_posts/2015-05-17-nascentes-de-dados-da-fuma-a.md
No changes made to ./_posts/2015-05-17-nascentes-de-dados-da-fuma-a.md by the test regex.
Sanitizing Markdown image links in: ./_posts/2012-06-20-postura-experimental.md
No changes made to ./_posts/2012-06-20-postura-experimental.md by the test regex.
Sanitizing Markdown image links in: ./_posts/2013-08-13-convocatoria-para-colaboradores-interactivos13-nuvem.md
No changes made to ./_posts/2013-08-13-convocatoria-para-colaboradores-interactivos13-nuvem.md by the test regex.
Sanitizing Markdown image links in: ./_posts/2010-07-12-labtolab-diario.md
No changes made to ./_posts/2010-07-12-labtolab-diario.md by the test regex.
Sanitizing Markdown image links in: ./_posts/2012-02-26-labsurlab.md
No changes made to ./_posts/2012-02-26-labsurlab.md by the test regex.
Sanitizing Markdown image links in: ./_posts/2010-08-01-arte-do-cibridismo.md
No changes made to ./_posts/2010-08-01-arte-do-cibridismo.md by the test regex.
Sanitizing Markdown image links in: ./_posts/2015-07-27-redelabs-no-laborat-rio-de-cidades-sensitivas-labceus.md
No changes made to ./_posts/2015-07-27-redelabs-no-laborat-rio-de-cidades-sensitivas-labceus.md by the test regex.
Sanitizing Markdown image links in: ./_posts/2010-06-15-redelabs-caminhos-brasileiros-para-cultura-digital-experimental.md
No changes made to ./_posts/2010-06-15-redelabs-caminhos-brasileiros-para-cultura-digital-experimental.md by the test regex.
Sanitizing Markdown image links in: ./_posts/2014-08-14-fablabs-makerspaces-gambiarra-e-conserto.md
No changes made to ./_posts/2014-08-14-fablabs-makerspaces-gambiarra-e-conserto.md by the test regex.
Sanitizing Markdown image links in: ./_posts/2011-09-30-labs-experimentais.md
No changes made to ./_posts/2011-09-30-labs-experimentais.md by the test regex.
Sanitizing Markdown image links in: ./_posts/2015-09-09-resultado-do-edital-agentes-de-governo-aberto-do-programa-s-o-paulo-aberta.md
No changes made to ./_posts/2015-09-09-resultado-do-edital-agentes-de-governo-aberto-do-programa-s-o-paulo-aberta.md by the test regex.
Sanitizing Markdown image links in: ./_posts/2010-04-25-redelabs-contexto.md
No changes made to ./_posts/2010-04-25-redelabs-contexto.md by the test regex.
Sanitizing Markdown image links in: ./_posts/2010-06-28-laboratorios-de-experimentacao-em-cultura-digital-gangues-e-industria-criativa.md
No changes made to ./_posts/2010-06-28-laboratorios-de-experimentacao-em-cultura-digital-gangues-e-industria-criativa.md by the test regex.
Sanitizing Markdown image links in: ./_posts/2012-01-23-labx-festival-culturadigitalbr.md
No changes made to ./_posts/2012-01-23-labx-festival-culturadigitalbr.md by the test regex.
Sanitizing Markdown image links in: ./_posts/2011-01-16-bolsa-de-cultura-digital-experimental-documentando.md
No changes made to ./_posts/2011-01-16-bolsa-de-cultura-digital-experimental-documentando.md by the test regex.
Sanitizing Markdown image links in: ./_posts/2011-03-14-hackpraxis-boom-2011-parte-1.md
No changes made to ./_posts/2011-03-14-hackpraxis-boom-2011-parte-1.md by the test regex.
Sanitizing Markdown image links in: ./_posts/2015-01-21-lab-ars-electronica-itu-telecom-doha-catar.md
No changes made to ./_posts/2015-01-21-lab-ars-electronica-itu-telecom-doha-catar.md by the test regex.
Sanitizing Markdown image links in: ./_posts/2010-10-18-netart-latino-database.md
No changes made to ./_posts/2010-10-18-netart-latino-database.md by the test regex.
Sanitizing Markdown image links in: ./_posts/2014-03-11-edison.md
No changes made to ./_posts/2014-03-11-edison.md by the test regex.
Sanitizing Markdown image links in: ./_posts/2011-04-14-laboratorios-e-redes-desde-uma-perspectiva-das-comunidades-comunidades-desde-uma-perspectiva.md
No changes made to ./_posts/2011-04-14-laboratorios-e-redes-desde-uma-perspectiva-das-comunidades-comunidades-desde-uma-perspectiva.md by the test regex.
Sanitizing Markdown image links in: ./_posts/2011-03-03-laboratorios-experimentais-interface-rede-rua.md
No changes made to ./_posts/2011-03-03-laboratorios-experimentais-interface-rede-rua.md by the test regex.
Sanitizing Markdown image links in: ./_posts/2010-06-07-labtolab.md
No changes made to ./_posts/2010-06-07-labtolab.md by the test regex.
Sanitizing Markdown image links in: ./_posts/2010-09-03-bate-papo-com-gisela-domschke.md
No changes made to ./_posts/2010-09-03-bate-papo-com-gisela-domschke.md by the test regex.
Sanitizing Markdown image links in: ./_posts/2010-11-30-redelabs-valeu.md
No changes made to ./_posts/2010-11-30-redelabs-valeu.md by the test regex.
Sanitizing Markdown image links in: ./_posts/2016-03-02-espa-os-de-inova-o-na-am-rica-latina.md
No changes made to ./_posts/2016-03-02-espa-os-de-inova-o-na-am-rica-latina.md by the test regex.
Sanitizing Markdown image links in: ./_posts/2012-07-11-video-cachoeira-bahia.md
No changes made to ./_posts/2012-07-11-video-cachoeira-bahia.md by the test regex.
Sanitizing Markdown image links in: ./_posts/2014-08-30-publicando.md
No changes made to ./_posts/2014-08-30-publicando.md by the test regex.
Sanitizing Markdown image links in: ./_posts/2010-10-04-colartedigital.md
No changes made to ./_posts/2010-10-04-colartedigital.md by the test regex.
Sanitizing Markdown image links in: ./_posts/2015-09-26-entrevista-com-rachel-rosalen-e-rafael-marchetti-idealizadores-e-coordenadores-do-ruralscapes.md
No changes made to ./_posts/2015-09-26-entrevista-com-rachel-rosalen-e-rafael-marchetti-idealizadores-e-coordenadores-do-ruralscapes.md by the test regex.
Sanitizing Markdown image links in: ./_posts/2017-06-13-dos-laborat-rios-experimentais-inova-o-cidad.md
No changes made to ./_posts/2017-06-13-dos-laborat-rios-experimentais-inova-o-cidad.md by the test regex.
Sanitizing Markdown image links in: ./_posts/2012-02-08-mappa-laboratorios-do-mundo-todo.md
No changes made to ./_posts/2012-02-08-mappa-laboratorios-do-mundo-todo.md by the test regex.
Sanitizing Markdown image links in: ./_posts/2011-02-28-redelabs-nao-redelab.md
No changes made to ./_posts/2011-02-28-redelabs-nao-redelab.md by the test regex.
Sanitizing Markdown image links in: ./_posts/2014-03-11-dissertacao-redigida.md
No changes made to ./_posts/2014-03-11-dissertacao-redigida.md by the test regex.
Sanitizing Markdown image links in: ./_posts/2010-05-28-lugar-e-espaco.md
No changes made to ./_posts/2010-05-28-lugar-e-espaco.md by the test regex.
Sanitizing Markdown image links in: ./_posts/2010-10-19-redelabs-no-forum-da-cultura-digital-2010.md
No changes made to ./_posts/2010-10-19-redelabs-no-forum-da-cultura-digital-2010.md by the test regex.
Sanitizing Markdown image links in: ./_posts/2015-07-13-laborat-rio-de-inova-o-cidad-recebe-propostas.md
No changes made to ./_posts/2015-07-13-laborat-rio-de-inova-o-cidad-recebe-propostas.md by the test regex.
Sanitizing Markdown image links in: ./_posts/2010-04-25-wiki.md
No changes made to ./_posts/2010-04-25-wiki.md by the test regex.
Sanitizing Markdown image links in: ./_posts/2014-02-11-labe-laboratorios-experimentais-de-criatividade.md
No changes made to ./_posts/2014-02-11-labe-laboratorios-experimentais-de-criatividade.md by the test regex.
Sanitizing Markdown image links in: ./_posts/2010-06-17-cultura-digital-experimental-parte-3-lista-metareciclagem.md
No changes made to ./_posts/2010-06-17-cultura-digital-experimental-parte-3-lista-metareciclagem.md by the test regex.
Sanitizing Markdown image links in: ./_posts/2010-11-30-redelabs-uma-semana.md
No changes made to ./_posts/2010-11-30-redelabs-uma-semana.md by the test regex.
Sanitizing Markdown image links in: ./_posts/2014-09-28-redelabs-segunda-etapa.md
No changes made to ./_posts/2014-09-28-redelabs-segunda-etapa.md by the test regex.
Sanitizing Markdown image links in: ./_posts/2015-08-28-projetos-selecionados-para-o-labic.md
No changes made to ./_posts/2015-08-28-projetos-selecionados-para-o-labic.md by the test regex.
Sanitizing Markdown image links in: ./_posts/2012-03-22-labsurlab-minga-abierta-y-comun-lab.md
No changes made to ./_posts/2012-03-22-labsurlab-minga-abierta-y-comun-lab.md by the test regex.
Sanitizing Markdown image links in: ./_posts/2010-07-28-fisli-debate-cultura-digital-experimental.md
No changes made to ./_posts/2010-07-28-fisli-debate-cultura-digital-experimental.md by the test regex.
Sanitizing Markdown image links in: ./_posts/2015-08-20-apresenta-o-do-levantamento-redelabs-neste-s-bado.md
No changes made to ./_posts/2015-08-20-apresenta-o-do-levantamento-redelabs-neste-s-bado.md by the test regex.
Sanitizing Markdown image links in: ./_posts/2011-02-28-lab-sur-lab.md
No changes made to ./_posts/2011-02-28-lab-sur-lab.md by the test regex.
Sanitizing Markdown image links in: ./_posts/2011-05-27-tecnoxamanismo-digitofagico.md
No changes made to ./_posts/2011-05-27-tecnoxamanismo-digitofagico.md by the test regex.
Sanitizing Markdown image links in: ./_posts/2010-08-20-future-everything-festivais-como-laboratorios-vivos.md
No changes made to ./_posts/2010-08-20-future-everything-festivais-como-laboratorios-vivos.md by the test regex.
Sanitizing Markdown image links in: ./_posts/2012-07-05-video-casa-da-cultura-digital.md
No changes made to ./_posts/2012-07-05-video-casa-da-cultura-digital.md by the test regex.
Sanitizing Markdown image links in: ./_posts/2011-06-30-simposio-rumos-arte-cibernetica.md
No changes made to ./_posts/2011-06-30-simposio-rumos-arte-cibernetica.md by the test regex.
Sanitizing Markdown image links in: ./_posts/2012-01-26-metas-do-pnc.md
No changes made to ./_posts/2012-01-26-metas-do-pnc.md by the test regex.
Sanitizing Markdown image links in: ./_posts/2011-09-21-hacklab-enredado.md
No changes made to ./_posts/2011-09-21-hacklab-enredado.md by the test regex.
Sanitizing Markdown image links in: ./_posts/2011-02-25-de-mudanca.md
No changes made to ./_posts/2011-02-25-de-mudanca.md by the test regex.
Sanitizing Markdown image links in: ./_posts/2010-12-02-painel-laboratorios-experimentais-anotacoes.md
No changes made to ./_posts/2010-12-02-painel-laboratorios-experimentais-anotacoes.md by the test regex.
Sanitizing Markdown image links in: ./_posts/2010-06-28-modelos-e-perspectivas-empyre.md
No changes made to ./_posts/2010-06-28-modelos-e-perspectivas-empyre.md by the test regex.
Sanitizing Markdown image links in: ./_posts/2015-07-13-imers-o-no-ruralscapes.md
No changes made to ./_posts/2015-07-13-imers-o-no-ruralscapes.md by the test regex.
Sanitizing Markdown image links in: ./_posts/2013-06-03-fast-forward-ffwd-hip3rorganicos.md
No changes made to ./_posts/2013-06-03-fast-forward-ffwd-hip3rorganicos.md by the test regex.
Sanitizing Markdown image links in: ./_posts/2010-11-30-encontro-redelabs-como-foi.md
No changes made to ./_posts/2010-11-30-encontro-redelabs-como-foi.md by the test regex.
Sanitizing Markdown image links in: ./_posts/2014-10-25-arranjos-experimentais-ltima-parte.md
No changes made to ./_posts/2014-10-25-arranjos-experimentais-ltima-parte.md by the test regex.
Sanitizing Markdown image links in: ./_posts/2010-08-20-entrevista-drew-hemment.md
No changes made to ./_posts/2010-08-20-entrevista-drew-hemment.md by the test regex.
Sanitizing Markdown image links in: ./_posts/2015-06-19-transformaking-chamada-aberta.md
No changes made to ./_posts/2015-06-19-transformaking-chamada-aberta.md by the test regex.
Sanitizing Markdown image links in: ./_posts/2015-07-27-encontro-de-labs-durante-o-red-bull-basement.md
No changes made to ./_posts/2015-07-27-encontro-de-labs-durante-o-red-bull-basement.md by the test regex.
Sanitizing Markdown image links in: ./_posts/2010-11-04-encontro-redelabs-preparando.md
No changes made to ./_posts/2010-11-04-encontro-redelabs-preparando.md by the test regex.
Sanitizing Markdown image links in: ./_posts/2012-09-18-interfaces-publicas.md
No changes made to ./_posts/2012-09-18-interfaces-publicas.md by the test regex.
Sanitizing Markdown image links in: ./_posts/2012-02-09-premio-brasil-criativo.md
No changes made to ./_posts/2012-02-09-premio-brasil-criativo.md by the test regex.
Sanitizing Markdown image links in: ./_posts/2010-10-17-o-futuro-dos-laboratorios.md
No changes made to ./_posts/2010-10-17-o-futuro-dos-laboratorios.md by the test regex.
Sanitizing Markdown image links in: ./_posts/2010-06-08-cultura-digital-experimental-parte-2-google-buzz.md
No changes made to ./_posts/2010-06-08-cultura-digital-experimental-parte-2-google-buzz.md by the test regex.
Sanitizing Markdown image links in: ./_posts/2010-07-04-plenaria-do-eixo-arte-digital-relatoria.md
No changes made to ./_posts/2010-07-04-plenaria-do-eixo-arte-digital-relatoria.md by the test regex.
Sanitizing Markdown image links in: ./_posts/2015-09-09-revisitando-encontro-redelabs-em-2010.md
No changes made to ./_posts/2015-09-09-revisitando-encontro-redelabs-em-2010.md by the test regex.
Sanitizing Markdown image links in: ./_posts/2010-05-28-eventos.md
No changes made to ./_posts/2010-05-28-eventos.md by the test regex.
Sanitizing Markdown image links in: ./_posts/2010-04-21-laborando-em-rede.md
No changes made to ./_posts/2010-04-21-laborando-em-rede.md by the test regex.
Sanitizing Markdown image links in: ./_posts/2015-01-21-digital-culture-short-report.md
No changes made to ./_posts/2015-01-21-digital-culture-short-report.md by the test regex.
Sanitizing Markdown image links in: ./_posts/2011-04-27-brazil-no-labsurlab.md
No changes made to ./_posts/2011-04-27-brazil-no-labsurlab.md by the test regex.
Sanitizing Markdown image links in: ./_posts/2010-08-09-entrevista-alejo-duque.md
No changes made to ./_posts/2010-08-09-entrevista-alejo-duque.md by the test regex.
Sanitizing Markdown image links in: ./_posts/2015-06-08-segunda-chamada-para-ocupa-es-do-labceus.md
No changes made to ./_posts/2015-06-08-segunda-chamada-para-ocupa-es-do-labceus.md by the test regex.
Sanitizing Markdown image links in: ./_posts/2014-04-09-sobre-labs.md
No changes made to ./_posts/2014-04-09-sobre-labs.md by the test regex.
Sanitizing Markdown image links in: ./_posts/2011-04-05-experimentacao.md
No changes made to ./_posts/2011-04-05-experimentacao.md by the test regex.
Sanitizing Markdown image links in: ./_posts/2015-07-09-labceus-divulgam-lista-de-projetos-pr-selecionados.md
No changes made to ./_posts/2015-07-09-labceus-divulgam-lista-de-projetos-pr-selecionados.md by the test regex.
Sanitizing Markdown image links in: ./_posts/2015-07-11-tropixel-labs.md
No changes made to ./_posts/2015-07-11-tropixel-labs.md by the test regex.
Sanitizing Markdown image links in: ./_posts/2015-09-02-chamada-aberta-do-edital-rumos-ita-cultural.md
No changes made to ./_posts/2015-09-02-chamada-aberta-do-edital-rumos-ita-cultural.md by the test regex.
Sanitizing Markdown image links in: ./_posts/2012-06-26-ecolocatividade.md
No changes made to ./_posts/2012-06-26-ecolocatividade.md by the test regex.
Sanitizing Markdown image links in: ./_posts/2015-10-13-laborat-rios-experimentais-espa-os-em-branco-na-educa-o-formal.md
No changes made to ./_posts/2015-10-13-laborat-rios-experimentais-espa-os-em-branco-na-educa-o-formal.md by the test regex.
Sanitizing Markdown image links in: ./_posts/2010-11-15-redelabs-comecando.md
No changes made to ./_posts/2010-11-15-redelabs-comecando.md by the test regex.
Sanitizing Markdown image links in: ./_posts/2010-09-23-interactivos-10-bh.md
No changes made to ./_posts/2010-09-23-interactivos-10-bh.md by the test regex.
Sanitizing Markdown image links in: ./sobre.md
No changes made to ./sobre.md by the test regex.
Sanitizing Markdown image links in: ./_livro/primavera-gelada.md
No changes made to ./_livro/primavera-gelada.md by the test regex.
Sanitizing Markdown image links in: ./_livro/compilacao-redelabs-2010.md
No changes made to ./_livro/compilacao-redelabs-2010.md by the test regex.
Sanitizing Markdown image links in: ./_livro/cultura-digital-experimental.md
No changes made to ./_livro/cultura-digital-experimental.md by the test regex.
Sanitizing Markdown image links in: ./_livro/minc-14/3.md
No changes made to ./_livro/minc-14/3.md by the test regex.
Sanitizing Markdown image links in: ./_livro/minc-14/2.md
No changes made to ./_livro/minc-14/2.md by the test regex.
Sanitizing Markdown image links in: ./_livro/minc-14/2/redelabs-2010.md
No changes made to ./_livro/minc-14/2/redelabs-2010.md by the test regex.
Sanitizing Markdown image links in: ./_livro/minc-14/2/estrategias.md
No changes made to ./_livro/minc-14/2/estrategias.md by the test regex.
Sanitizing Markdown image links in: ./_livro/minc-14/2/intro.md
No changes made to ./_livro/minc-14/2/intro.md by the test regex.
Sanitizing Markdown image links in: ./_livro/minc-14/2/referencias.md
No changes made to ./_livro/minc-14/2/referencias.md by the test regex.
Sanitizing Markdown image links in: ./_livro/minc-14/2/entrevistas.md
No changes made to ./_livro/minc-14/2/entrevistas.md by the test regex.
Sanitizing Markdown image links in: ./_livro/minc-14/1.md
No changes made to ./_livro/minc-14/1.md by the test regex.
Sanitizing Markdown image links in: ./_livro/minc-14/1/analise.md
No changes made to ./_livro/minc-14/1/analise.md by the test regex.
Sanitizing Markdown image links in: ./_livro/minc-14/1/mapeamento.md
No changes made to ./_livro/minc-14/1/mapeamento.md by the test regex.
Sanitizing Markdown image links in: ./_livro/minc-14/1/outras-iniciativas.md
No changes made to ./_livro/minc-14/1/outras-iniciativas.md by the test regex.
Sanitizing Markdown image links in: ./_livro/minc-14/1/referencias.md
No changes made to ./_livro/minc-14/1/referencias.md by the test regex.
Sanitizing Markdown image links in: ./_livro/minc-14/3/index.md
No changes made to ./_livro/minc-14/3/index.md by the test regex.
Sanitizing Markdown image links in: ./_livro/minc-14/3/estrategias.md
No changes made to ./_livro/minc-14/3/estrategias.md by the test regex.
Sanitizing Markdown image links in: ./_livro/minc-14/3/intro.md
No changes made to ./_livro/minc-14/3/intro.md by the test regex.
Sanitizing Markdown image links in: ./_livro/minc-14/3/anexo-entrevistas.md
No changes made to ./_livro/minc-14/3/anexo-entrevistas.md by the test regex.
Sanitizing Markdown image links in: ./_livro/minc-14/3/referencias.md
No changes made to ./_livro/minc-14/3/referencias.md by the test regex.
Sanitizing Markdown image links in: ./_livro/primeiro-encontro-redelabs-2010.md
No changes made to ./_livro/primeiro-encontro-redelabs-2010.md by the test regex.
Sanitizing Markdown image links in: ./_livro/redelabs-laboratorios-experimentais-em-rede-2014.md
No changes made to ./_livro/redelabs-laboratorios-experimentais-em-rede-2014.md by the test regex.
Sanitizing Markdown image links in: ./_livro/conclusao-espacos-em-branco.md
No changes made to ./_livro/conclusao-espacos-em-branco.md by the test regex.
Sanitizing Markdown image links in: ./_livro/labs-no-mundo.md
No changes made to ./_livro/labs-no-mundo.md by the test regex.
Sanitizing Markdown image links in: ./_livro/preparacao-redelabs-2010.md
No changes made to ./_livro/preparacao-redelabs-2010.md by the test regex.
Sanitizing Markdown image links in: ./_livro/laboratorios-experimentais-em-rede.md
No changes made to ./_livro/laboratorios-experimentais-em-rede.md by the test regex.
Sanitizing Markdown image links in: ./_livro/referencias.md
No changes made to ./_livro/referencias.md by the test regex.
Sanitizing Markdown image links in: ./index.md
No changes made to ./index.md by the test regex.
