
--- Updating image links ---
Processing image links in: ./_posts/2013-08-05-para-que-serve-um-telecentro.md
Processing image links in: ./_posts/2012-03-11-sobre-labs-e-futuros.md
Processing image links in: ./_posts/2015-09-02-registro-do-encontro-aberto-de-labs-red-bull-basement.md
Processing image links in: ./_posts/2014-06-22-redelabs-laborat-rios-experimentais-em-rede.md
Processing image links in: ./_posts/2010-07-29-file.md
Processing image links in: ./_posts/2014-02-11-oficinas-sesc-pompeia.md
Processing image links in: ./_posts/2013-02-17-labs-cidadaos.md
Processing image links in: ./_posts/2010-09-15-conversa-com-cesar-harada.md
Processing image links in: ./_posts/2011-01-16-redelabs-campus-party.md
Processing image links in: ./_posts/2010-11-30-redelabs-alinhando.md
Processing image links in: ./_posts/2011-07-27-mostra-de-labs-deaf-2012.md
Processing image links in: ./_posts/2016-05-31-v-deo-do-painel-internacional-laborat-rios-experimentais-2010.md
Processing image links in: ./_posts/2012-06-20-video-solvendo-e-coagulando.md
Processing image links in: ./_posts/2015-11-02-o-futuro-da-cultura-lab.md
Processing image links in: ./_posts/2011-04-27-toscolab-utopia.md
Processing image links in: ./_posts/2014-04-28-conclusao.md
Processing image links in: ./_posts/2011-07-04-ciclo-hack.md
Processing image links in: ./_posts/2010-05-25-o-seminario-redelabs.md
Processing image links in: ./_posts/2011-05-28-revolucao-digital-ja-chegou-e-depois.md
Processing image links in: ./_posts/2011-02-28-campus-party-labs-e-centros-de-fomento-cultura-digital.md
Processing image links in: ./_posts/2010-06-13-laboratorios-de-midia-referencias.md
Processing image links in: ./_posts/2010-06-14-um-resumo-do-brasil-profundo.md
Processing image links in: ./_posts/2010-08-30-cidades-digitais.md
Processing image links in: ./_posts/2010-06-07-cultura-digital-experimental-parte-1-twitter.md
Processing image links in: ./_posts/2010-06-02-uma-conversa-com-james-wallbank.md
Processing image links in: ./_posts/2013-07-14-medialab-prado.md
Processing image links in: ./_posts/2012-02-09-midias-locativas-regiao-amazonica.md
Processing image links in: ./_posts/2010-05-25-grupo-redelabs.md
Processing image links in: ./_posts/2010-12-02-painel-internacional-laboratorios-experimentais.md
Processing image links in: ./_posts/2015-05-17-nascentes-de-dados-da-fuma-a.md
Processing image links in: ./_posts/2012-06-20-postura-experimental.md
Processing image links in: ./_posts/2013-08-13-convocatoria-para-colaboradores-interactivos13-nuvem.md
Processing image links in: ./_posts/2010-07-12-labtolab-diario.md
Processing image links in: ./_posts/2012-02-26-labsurlab.md
Processing image links in: ./_posts/2010-08-01-arte-do-cibridismo.md
Processing image links in: ./_posts/2015-07-27-redelabs-no-laborat-rio-de-cidades-sensitivas-labceus.md
Processing image links in: ./_posts/2010-06-15-redelabs-caminhos-brasileiros-para-cultura-digital-experimental.md
Processing image links in: ./_posts/2014-08-14-fablabs-makerspaces-gambiarra-e-conserto.md
Processing image links in: ./_posts/2011-09-30-labs-experimentais.md
Processing image links in: ./_posts/2015-09-09-resultado-do-edital-agentes-de-governo-aberto-do-programa-s-o-paulo-aberta.md
Processing image links in: ./_posts/2010-04-25-redelabs-contexto.md
Processing image links in: ./_posts/2010-06-28-laboratorios-de-experimentacao-em-cultura-digital-gangues-e-industria-criativa.md
Processing image links in: ./_posts/2012-01-23-labx-festival-culturadigitalbr.md
Processing image links in: ./_posts/2011-01-16-bolsa-de-cultura-digital-experimental-documentando.md
Processing image links in: ./_posts/2011-03-14-hackpraxis-boom-2011-parte-1.md
Processing image links in: ./_posts/2015-01-21-lab-ars-electronica-itu-telecom-doha-catar.md
Processing image links in: ./_posts/2010-10-18-netart-latino-database.md
Processing image links in: ./_posts/2014-03-11-edison.md
Processing image links in: ./_posts/2011-04-14-laboratorios-e-redes-desde-uma-perspectiva-das-comunidades-comunidades-desde-uma-perspectiva.md
Processing image links in: ./_posts/2011-03-03-laboratorios-experimentais-interface-rede-rua.md
Processing image links in: ./_posts/2010-06-07-labtolab.md
Processing image links in: ./_posts/2010-09-03-bate-papo-com-gisela-domschke.md
Processing image links in: ./_posts/2010-11-30-redelabs-valeu.md
Processing image links in: ./_posts/2016-03-02-espa-os-de-inova-o-na-am-rica-latina.md
Processing image links in: ./_posts/2012-07-11-video-cachoeira-bahia.md
Processing image links in: ./_posts/2014-08-30-publicando.md
Processing image links in: ./_posts/2010-10-04-colartedigital.md
Processing image links in: ./_posts/2015-09-26-entrevista-com-rachel-rosalen-e-rafael-marchetti-idealizadores-e-coordenadores-do-ruralscapes.md
Processing image links in: ./_posts/2017-06-13-dos-laborat-rios-experimentais-inova-o-cidad.md
Processing image links in: ./_posts/2012-02-08-mappa-laboratorios-do-mundo-todo.md
Processing image links in: ./_posts/2011-02-28-redelabs-nao-redelab.md
Processing image links in: ./_posts/2014-03-11-dissertacao-redigida.md
Processing image links in: ./_posts/2010-05-28-lugar-e-espaco.md
Processing image links in: ./_posts/2010-10-19-redelabs-no-forum-da-cultura-digital-2010.md
Processing image links in: ./_posts/2015-07-13-laborat-rio-de-inova-o-cidad-recebe-propostas.md
Processing image links in: ./_posts/2010-04-25-wiki.md
Processing image links in: ./_posts/2014-02-11-labe-laboratorios-experimentais-de-criatividade.md
Processing image links in: ./_posts/2010-06-17-cultura-digital-experimental-parte-3-lista-metareciclagem.md
Processing image links in: ./_posts/2010-11-30-redelabs-uma-semana.md
Processing image links in: ./_posts/2014-09-28-redelabs-segunda-etapa.md
Processing image links in: ./_posts/2015-08-28-projetos-selecionados-para-o-labic.md
Processing image links in: ./_posts/2012-03-22-labsurlab-minga-abierta-y-comun-lab.md
Processing image links in: ./_posts/2010-07-28-fisli-debate-cultura-digital-experimental.md
Processing image links in: ./_posts/2015-08-20-apresenta-o-do-levantamento-redelabs-neste-s-bado.md
Processing image links in: ./_posts/2011-02-28-lab-sur-lab.md
Processing image links in: ./_posts/2011-05-27-tecnoxamanismo-digitofagico.md
Processing image links in: ./_posts/2010-08-20-future-everything-festivais-como-laboratorios-vivos.md
Processing image links in: ./_posts/2012-07-05-video-casa-da-cultura-digital.md
Processing image links in: ./_posts/2011-06-30-simposio-rumos-arte-cibernetica.md
Processing image links in: ./_posts/2012-01-26-metas-do-pnc.md
Processing image links in: ./_posts/2011-09-21-hacklab-enredado.md
Processing image links in: ./_posts/2011-02-25-de-mudanca.md
Processing image links in: ./_posts/2010-12-02-painel-laboratorios-experimentais-anotacoes.md
Processing image links in: ./_posts/2010-06-28-modelos-e-perspectivas-empyre.md
Processing image links in: ./_posts/2015-07-13-imers-o-no-ruralscapes.md
Processing image links in: ./_posts/2013-06-03-fast-forward-ffwd-hip3rorganicos.md
Processing image links in: ./_posts/2010-11-30-encontro-redelabs-como-foi.md
Processing image links in: ./_posts/2014-10-25-arranjos-experimentais-ltima-parte.md
Processing image links in: ./_posts/2010-08-20-entrevista-drew-hemment.md
Processing image links in: ./_posts/2015-06-19-transformaking-chamada-aberta.md
Processing image links in: ./_posts/2015-07-27-encontro-de-labs-durante-o-red-bull-basement.md
Processing image links in: ./_posts/2010-11-04-encontro-redelabs-preparando.md
Processing image links in: ./_posts/2012-09-18-interfaces-publicas.md
Processing image links in: ./_posts/2012-02-09-premio-brasil-criativo.md
Processing image links in: ./_posts/2010-10-17-o-futuro-dos-laboratorios.md
Processing image links in: ./_posts/2010-06-08-cultura-digital-experimental-parte-2-google-buzz.md
Processing image links in: ./_posts/2010-07-04-plenaria-do-eixo-arte-digital-relatoria.md
Processing image links in: ./_posts/2015-09-09-revisitando-encontro-redelabs-em-2010.md
Processing image links in: ./_posts/2010-05-28-eventos.md
Processing image links in: ./_posts/2010-04-21-laborando-em-rede.md
Processing image links in: ./_posts/2015-01-21-digital-culture-short-report.md
Processing image links in: ./_posts/2011-04-27-brazil-no-labsurlab.md
Processing image links in: ./_posts/2010-08-09-entrevista-alejo-duque.md
Processing image links in: ./_posts/2015-06-08-segunda-chamada-para-ocupa-es-do-labceus.md
Processing image links in: ./_posts/2014-04-09-sobre-labs.md
Processing image links in: ./_posts/2011-04-05-experimentacao.md
Processing image links in: ./_posts/2015-07-09-labceus-divulgam-lista-de-projetos-pr-selecionados.md
Processing image links in: ./_posts/2015-07-11-tropixel-labs.md
Processing image links in: ./_posts/2015-09-02-chamada-aberta-do-edital-rumos-ita-cultural.md
Processing image links in: ./_posts/2012-06-26-ecolocatividade.md
Processing image links in: ./_posts/2015-10-13-laborat-rios-experimentais-espa-os-em-branco-na-educa-o-formal.md
Processing image links in: ./_posts/2010-11-15-redelabs-comecando.md
Processing image links in: ./_posts/2010-09-23-interactivos-10-bh.md
Processing image links in: ./sobre.md
Processing image links in: ./_livro/primavera-gelada.md
Processing image links in: ./_livro/compilacao-redelabs-2010.md
Processing image links in: ./_livro/cultura-digital-experimental.md
Processing image links in: ./_livro/minc-14/3.md
Processing image links in: ./_livro/minc-14/2.md
Processing image links in: ./_livro/minc-14/2/redelabs-2010.md
Processing image links in: ./_livro/minc-14/2/estrategias.md
Processing image links in: ./_livro/minc-14/2/intro.md
Processing image links in: ./_livro/minc-14/2/referencias.md
Processing image links in: ./_livro/minc-14/2/entrevistas.md
Processing image links in: ./_livro/minc-14/1.md
Processing image links in: ./_livro/minc-14/1/analise.md
Processing image links in: ./_livro/minc-14/1/mapeamento.md
Processing image links in: ./_livro/minc-14/1/outras-iniciativas.md
Processing image links in: ./_livro/minc-14/1/referencias.md
Processing image links in: ./_livro/minc-14/3/index.md
Processing image links in: ./_livro/minc-14/3/estrategias.md
Processing image links in: ./_livro/minc-14/3/intro.md
Processing image links in: ./_livro/minc-14/3/anexo-entrevistas.md
Processing image links in: ./_livro/minc-14/3/referencias.md
Processing image links in: ./_livro/primeiro-encontro-redelabs-2010.md
Processing image links in: ./_livro/redelabs-laboratorios-experimentais-em-rede-2014.md
Processing image links in: ./_livro/conclusao-espacos-em-branco.md
Processing image links in: ./_livro/labs-no-mundo.md
Processing image links in: ./_livro/preparacao-redelabs-2010.md
Processing image links in: ./_livro/laboratorios-experimentais-em-rede.md
Processing image links in: ./_livro/referencias.md
Processing image links in: ./index.md
--- Making old absolute links site-relative ---
Processing absolute links in: ./_posts/2013-08-05-para-que-serve-um-telecentro.md
Processing absolute links in: ./_posts/2012-03-11-sobre-labs-e-futuros.md
Processing absolute links in: ./_posts/2015-09-02-registro-do-encontro-aberto-de-labs-red-bull-basement.md
Processing absolute links in: ./_posts/2014-06-22-redelabs-laborat-rios-experimentais-em-rede.md
Processing absolute links in: ./_posts/2010-07-29-file.md
Processing absolute links in: ./_posts/2014-02-11-oficinas-sesc-pompeia.md
Processing absolute links in: ./_posts/2013-02-17-labs-cidadaos.md
Processing absolute links in: ./_posts/2010-09-15-conversa-com-cesar-harada.md
Processing absolute links in: ./_posts/2011-01-16-redelabs-campus-party.md
Processing absolute links in: ./_posts/2010-11-30-redelabs-alinhando.md
Processing absolute links in: ./_posts/2011-07-27-mostra-de-labs-deaf-2012.md
Processing absolute links in: ./_posts/2016-05-31-v-deo-do-painel-internacional-laborat-rios-experimentais-2010.md
Processing absolute links in: ./_posts/2012-06-20-video-solvendo-e-coagulando.md
Processing absolute links in: ./_posts/2015-11-02-o-futuro-da-cultura-lab.md
Processing absolute links in: ./_posts/2011-04-27-toscolab-utopia.md
Processing absolute links in: ./_posts/2014-04-28-conclusao.md
Processing absolute links in: ./_posts/2011-07-04-ciclo-hack.md
Processing absolute links in: ./_posts/2010-05-25-o-seminario-redelabs.md
Processing absolute links in: ./_posts/2011-05-28-revolucao-digital-ja-chegou-e-depois.md
Processing absolute links in: ./_posts/2011-02-28-campus-party-labs-e-centros-de-fomento-cultura-digital.md
Processing absolute links in: ./_posts/2010-06-13-laboratorios-de-midia-referencias.md
Processing absolute links in: ./_posts/2010-06-14-um-resumo-do-brasil-profundo.md
Processing absolute links in: ./_posts/2010-08-30-cidades-digitais.md
Processing absolute links in: ./_posts/2010-06-07-cultura-digital-experimental-parte-1-twitter.md
Processing absolute links in: ./_posts/2010-06-02-uma-conversa-com-james-wallbank.md
Processing absolute links in: ./_posts/2013-07-14-medialab-prado.md
Processing absolute links in: ./_posts/2012-02-09-midias-locativas-regiao-amazonica.md
Processing absolute links in: ./_posts/2010-05-25-grupo-redelabs.md
Processing absolute links in: ./_posts/2010-12-02-painel-internacional-laboratorios-experimentais.md
Processing absolute links in: ./_posts/2015-05-17-nascentes-de-dados-da-fuma-a.md
Processing absolute links in: ./_posts/2012-06-20-postura-experimental.md
Processing absolute links in: ./_posts/2013-08-13-convocatoria-para-colaboradores-interactivos13-nuvem.md
Processing absolute links in: ./_posts/2010-07-12-labtolab-diario.md
Processing absolute links in: ./_posts/2012-02-26-labsurlab.md
Processing absolute links in: ./_posts/2010-08-01-arte-do-cibridismo.md
Processing absolute links in: ./_posts/2015-07-27-redelabs-no-laborat-rio-de-cidades-sensitivas-labceus.md
Processing absolute links in: ./_posts/2010-06-15-redelabs-caminhos-brasileiros-para-cultura-digital-experimental.md
Processing absolute links in: ./_posts/2014-08-14-fablabs-makerspaces-gambiarra-e-conserto.md
Processing absolute links in: ./_posts/2011-09-30-labs-experimentais.md
Processing absolute links in: ./_posts/2015-09-09-resultado-do-edital-agentes-de-governo-aberto-do-programa-s-o-paulo-aberta.md
Processing absolute links in: ./_posts/2010-04-25-redelabs-contexto.md
Processing absolute links in: ./_posts/2010-06-28-laboratorios-de-experimentacao-em-cultura-digital-gangues-e-industria-criativa.md
Processing absolute links in: ./_posts/2012-01-23-labx-festival-culturadigitalbr.md
Processing absolute links in: ./_posts/2011-01-16-bolsa-de-cultura-digital-experimental-documentando.md
Processing absolute links in: ./_posts/2011-03-14-hackpraxis-boom-2011-parte-1.md
Processing absolute links in: ./_posts/2015-01-21-lab-ars-electronica-itu-telecom-doha-catar.md
Processing absolute links in: ./_posts/2010-10-18-netart-latino-database.md
Processing absolute links in: ./_posts/2014-03-11-edison.md
Processing absolute links in: ./_posts/2011-04-14-laboratorios-e-redes-desde-uma-perspectiva-das-comunidades-comunidades-desde-uma-perspectiva.md
Processing absolute links in: ./_posts/2011-03-03-laboratorios-experimentais-interface-rede-rua.md
Processing absolute links in: ./_posts/2010-06-07-labtolab.md
Processing absolute links in: ./_posts/2010-09-03-bate-papo-com-gisela-domschke.md
Processing absolute links in: ./_posts/2010-11-30-redelabs-valeu.md
Processing absolute links in: ./_posts/2016-03-02-espa-os-de-inova-o-na-am-rica-latina.md
Processing absolute links in: ./_posts/2012-07-11-video-cachoeira-bahia.md
Processing absolute links in: ./_posts/2014-08-30-publicando.md
Processing absolute links in: ./_posts/2010-10-04-colartedigital.md
Processing absolute links in: ./_posts/2015-09-26-entrevista-com-rachel-rosalen-e-rafael-marchetti-idealizadores-e-coordenadores-do-ruralscapes.md
Processing absolute links in: ./_posts/2017-06-13-dos-laborat-rios-experimentais-inova-o-cidad.md
Processing absolute links in: ./_posts/2012-02-08-mappa-laboratorios-do-mundo-todo.md
Processing absolute links in: ./_posts/2011-02-28-redelabs-nao-redelab.md
Processing absolute links in: ./_posts/2014-03-11-dissertacao-redigida.md
Processing absolute links in: ./_posts/2010-05-28-lugar-e-espaco.md
Processing absolute links in: ./_posts/2010-10-19-redelabs-no-forum-da-cultura-digital-2010.md
Processing absolute links in: ./_posts/2015-07-13-laborat-rio-de-inova-o-cidad-recebe-propostas.md
Processing absolute links in: ./_posts/2010-04-25-wiki.md
Processing absolute links in: ./_posts/2014-02-11-labe-laboratorios-experimentais-de-criatividade.md
Processing absolute links in: ./_posts/2010-06-17-cultura-digital-experimental-parte-3-lista-metareciclagem.md
Processing absolute links in: ./_posts/2010-11-30-redelabs-uma-semana.md
Processing absolute links in: ./_posts/2014-09-28-redelabs-segunda-etapa.md
Processing absolute links in: ./_posts/2015-08-28-projetos-selecionados-para-o-labic.md
Processing absolute links in: ./_posts/2012-03-22-labsurlab-minga-abierta-y-comun-lab.md
Processing absolute links in: ./_posts/2010-07-28-fisli-debate-cultura-digital-experimental.md
Processing absolute links in: ./_posts/2015-08-20-apresenta-o-do-levantamento-redelabs-neste-s-bado.md
Processing absolute links in: ./_posts/2011-02-28-lab-sur-lab.md
Processing absolute links in: ./_posts/2011-05-27-tecnoxamanismo-digitofagico.md
Processing absolute links in: ./_posts/2010-08-20-future-everything-festivais-como-laboratorios-vivos.md
Processing absolute links in: ./_posts/2012-07-05-video-casa-da-cultura-digital.md
Processing absolute links in: ./_posts/2011-06-30-simposio-rumos-arte-cibernetica.md
Processing absolute links in: ./_posts/2012-01-26-metas-do-pnc.md
Processing absolute links in: ./_posts/2011-09-21-hacklab-enredado.md
Processing absolute links in: ./_posts/2011-02-25-de-mudanca.md
Processing absolute links in: ./_posts/2010-12-02-painel-laboratorios-experimentais-anotacoes.md
Processing absolute links in: ./_posts/2010-06-28-modelos-e-perspectivas-empyre.md
Processing absolute links in: ./_posts/2015-07-13-imers-o-no-ruralscapes.md
Processing absolute links in: ./_posts/2013-06-03-fast-forward-ffwd-hip3rorganicos.md
Processing absolute links in: ./_posts/2010-11-30-encontro-redelabs-como-foi.md
Processing absolute links in: ./_posts/2014-10-25-arranjos-experimentais-ltima-parte.md
Processing absolute links in: ./_posts/2010-08-20-entrevista-drew-hemment.md
Processing absolute links in: ./_posts/2015-06-19-transformaking-chamada-aberta.md
Processing absolute links in: ./_posts/2015-07-27-encontro-de-labs-durante-o-red-bull-basement.md
Processing absolute links in: ./_posts/2010-11-04-encontro-redelabs-preparando.md
Processing absolute links in: ./_posts/2012-09-18-interfaces-publicas.md
Processing absolute links in: ./_posts/2012-02-09-premio-brasil-criativo.md
Processing absolute links in: ./_posts/2010-10-17-o-futuro-dos-laboratorios.md
Processing absolute links in: ./_posts/2010-06-08-cultura-digital-experimental-parte-2-google-buzz.md
Processing absolute links in: ./_posts/2010-07-04-plenaria-do-eixo-arte-digital-relatoria.md
Processing absolute links in: ./_posts/2015-09-09-revisitando-encontro-redelabs-em-2010.md
Processing absolute links in: ./_posts/2010-05-28-eventos.md
Processing absolute links in: ./_posts/2010-04-21-laborando-em-rede.md
Processing absolute links in: ./_posts/2015-01-21-digital-culture-short-report.md
Processing absolute links in: ./_posts/2011-04-27-brazil-no-labsurlab.md
Processing absolute links in: ./_posts/2010-08-09-entrevista-alejo-duque.md
Processing absolute links in: ./_posts/2015-06-08-segunda-chamada-para-ocupa-es-do-labceus.md
Processing absolute links in: ./_posts/2014-04-09-sobre-labs.md
Processing absolute links in: ./_posts/2011-04-05-experimentacao.md
Processing absolute links in: ./_posts/2015-07-09-labceus-divulgam-lista-de-projetos-pr-selecionados.md
Processing absolute links in: ./_posts/2015-07-11-tropixel-labs.md
Processing absolute links in: ./_posts/2015-09-02-chamada-aberta-do-edital-rumos-ita-cultural.md
Processing absolute links in: ./_posts/2012-06-26-ecolocatividade.md
Processing absolute links in: ./_posts/2015-10-13-laborat-rios-experimentais-espa-os-em-branco-na-educa-o-formal.md
Processing absolute links in: ./_posts/2010-11-15-redelabs-comecando.md
Processing absolute links in: ./_posts/2010-09-23-interactivos-10-bh.md
Processing absolute links in: ./sobre.md
Processing absolute links in: ./_livro/primavera-gelada.md
Processing absolute links in: ./_livro/compilacao-redelabs-2010.md
Processing absolute links in: ./_livro/cultura-digital-experimental.md
Processing absolute links in: ./_livro/minc-14/3.md
Processing absolute links in: ./_livro/minc-14/2.md
Processing absolute links in: ./_livro/minc-14/2/redelabs-2010.md
Processing absolute links in: ./_livro/minc-14/2/estrategias.md
Processing absolute links in: ./_livro/minc-14/2/intro.md
Processing absolute links in: ./_livro/minc-14/2/referencias.md
Processing absolute links in: ./_livro/minc-14/2/entrevistas.md
Processing absolute links in: ./_livro/minc-14/1.md
Processing absolute links in: ./_livro/minc-14/1/analise.md
Processing absolute links in: ./_livro/minc-14/1/mapeamento.md
Processing absolute links in: ./_livro/minc-14/1/outras-iniciativas.md
Processing absolute links in: ./_livro/minc-14/1/referencias.md
Processing absolute links in: ./_livro/minc-14/3/index.md
Processing absolute links in: ./_livro/minc-14/3/estrategias.md
Processing absolute links in: ./_livro/minc-14/3/intro.md
Processing absolute links in: ./_livro/minc-14/3/anexo-entrevistas.md
Processing absolute links in: ./_livro/minc-14/3/referencias.md
Processing absolute links in: ./_livro/primeiro-encontro-redelabs-2010.md
Processing absolute links in: ./_livro/redelabs-laboratorios-experimentais-em-rede-2014.md
Processing absolute links in: ./_livro/conclusao-espacos-em-branco.md
Processing absolute links in: ./_livro/labs-no-mundo.md
Processing absolute links in: ./_livro/preparacao-redelabs-2010.md
Processing absolute links in: ./_livro/laboratorios-experimentais-em-rede.md
Processing absolute links in: ./_livro/referencias.md
Processing absolute links in: ./index.md
--- Updating specific page links ---
Processing specific links in: ./_posts/2013-08-05-para-que-serve-um-telecentro.md
Processing specific links in: ./_posts/2012-03-11-sobre-labs-e-futuros.md
Processing specific links in: ./_posts/2015-09-02-registro-do-encontro-aberto-de-labs-red-bull-basement.md
Processing specific links in: ./_posts/2014-06-22-redelabs-laborat-rios-experimentais-em-rede.md
Processing specific links in: ./_posts/2010-07-29-file.md
Processing specific links in: ./_posts/2014-02-11-oficinas-sesc-pompeia.md
Processing specific links in: ./_posts/2013-02-17-labs-cidadaos.md
Processing specific links in: ./_posts/2010-09-15-conversa-com-cesar-harada.md
Processing specific links in: ./_posts/2011-01-16-redelabs-campus-party.md
Processing specific links in: ./_posts/2010-11-30-redelabs-alinhando.md
Processing specific links in: ./_posts/2011-07-27-mostra-de-labs-deaf-2012.md
Processing specific links in: ./_posts/2016-05-31-v-deo-do-painel-internacional-laborat-rios-experimentais-2010.md
Processing specific links in: ./_posts/2012-06-20-video-solvendo-e-coagulando.md
Processing specific links in: ./_posts/2015-11-02-o-futuro-da-cultura-lab.md
Processing specific links in: ./_posts/2011-04-27-toscolab-utopia.md
Processing specific links in: ./_posts/2014-04-28-conclusao.md
Processing specific links in: ./_posts/2011-07-04-ciclo-hack.md
Processing specific links in: ./_posts/2010-05-25-o-seminario-redelabs.md
Processing specific links in: ./_posts/2011-05-28-revolucao-digital-ja-chegou-e-depois.md
Processing specific links in: ./_posts/2011-02-28-campus-party-labs-e-centros-de-fomento-cultura-digital.md
Processing specific links in: ./_posts/2010-06-13-laboratorios-de-midia-referencias.md
Processing specific links in: ./_posts/2010-06-14-um-resumo-do-brasil-profundo.md
Processing specific links in: ./_posts/2010-08-30-cidades-digitais.md
Processing specific links in: ./_posts/2010-06-07-cultura-digital-experimental-parte-1-twitter.md
Processing specific links in: ./_posts/2010-06-02-uma-conversa-com-james-wallbank.md
Processing specific links in: ./_posts/2013-07-14-medialab-prado.md
Processing specific links in: ./_posts/2012-02-09-midias-locativas-regiao-amazonica.md
Processing specific links in: ./_posts/2010-05-25-grupo-redelabs.md
Processing specific links in: ./_posts/2010-12-02-painel-internacional-laboratorios-experimentais.md
Processing specific links in: ./_posts/2015-05-17-nascentes-de-dados-da-fuma-a.md
Processing specific links in: ./_posts/2012-06-20-postura-experimental.md
Processing specific links in: ./_posts/2013-08-13-convocatoria-para-colaboradores-interactivos13-nuvem.md
Processing specific links in: ./_posts/2010-07-12-labtolab-diario.md
Processing specific links in: ./_posts/2012-02-26-labsurlab.md
Processing specific links in: ./_posts/2010-08-01-arte-do-cibridismo.md
Processing specific links in: ./_posts/2015-07-27-redelabs-no-laborat-rio-de-cidades-sensitivas-labceus.md
Processing specific links in: ./_posts/2010-06-15-redelabs-caminhos-brasileiros-para-cultura-digital-experimental.md
Processing specific links in: ./_posts/2014-08-14-fablabs-makerspaces-gambiarra-e-conserto.md
Processing specific links in: ./_posts/2011-09-30-labs-experimentais.md
Processing specific links in: ./_posts/2015-09-09-resultado-do-edital-agentes-de-governo-aberto-do-programa-s-o-paulo-aberta.md
Processing specific links in: ./_posts/2010-04-25-redelabs-contexto.md
Processing specific links in: ./_posts/2010-06-28-laboratorios-de-experimentacao-em-cultura-digital-gangues-e-industria-criativa.md
Processing specific links in: ./_posts/2012-01-23-labx-festival-culturadigitalbr.md
Processing specific links in: ./_posts/2011-01-16-bolsa-de-cultura-digital-experimental-documentando.md
Processing specific links in: ./_posts/2011-03-14-hackpraxis-boom-2011-parte-1.md
Processing specific links in: ./_posts/2015-01-21-lab-ars-electronica-itu-telecom-doha-catar.md
Processing specific links in: ./_posts/2010-10-18-netart-latino-database.md
Processing specific links in: ./_posts/2014-03-11-edison.md
Processing specific links in: ./_posts/2011-04-14-laboratorios-e-redes-desde-uma-perspectiva-das-comunidades-comunidades-desde-uma-perspectiva.md
Processing specific links in: ./_posts/2011-03-03-laboratorios-experimentais-interface-rede-rua.md
Processing specific links in: ./_posts/2010-06-07-labtolab.md
Processing specific links in: ./_posts/2010-09-03-bate-papo-com-gisela-domschke.md
Processing specific links in: ./_posts/2010-11-30-redelabs-valeu.md
Processing specific links in: ./_posts/2016-03-02-espa-os-de-inova-o-na-am-rica-latina.md
Processing specific links in: ./_posts/2012-07-11-video-cachoeira-bahia.md
Processing specific links in: ./_posts/2014-08-30-publicando.md
Processing specific links in: ./_posts/2010-10-04-colartedigital.md
Processing specific links in: ./_posts/2015-09-26-entrevista-com-rachel-rosalen-e-rafael-marchetti-idealizadores-e-coordenadores-do-ruralscapes.md
Processing specific links in: ./_posts/2017-06-13-dos-laborat-rios-experimentais-inova-o-cidad.md
Processing specific links in: ./_posts/2012-02-08-mappa-laboratorios-do-mundo-todo.md
Processing specific links in: ./_posts/2011-02-28-redelabs-nao-redelab.md
Processing specific links in: ./_posts/2014-03-11-dissertacao-redigida.md
Processing specific links in: ./_posts/2010-05-28-lugar-e-espaco.md
Processing specific links in: ./_posts/2010-10-19-redelabs-no-forum-da-cultura-digital-2010.md
Processing specific links in: ./_posts/2015-07-13-laborat-rio-de-inova-o-cidad-recebe-propostas.md
Processing specific links in: ./_posts/2010-04-25-wiki.md
Processing specific links in: ./_posts/2014-02-11-labe-laboratorios-experimentais-de-criatividade.md
Processing specific links in: ./_posts/2010-06-17-cultura-digital-experimental-parte-3-lista-metareciclagem.md
Processing specific links in: ./_posts/2010-11-30-redelabs-uma-semana.md
Processing specific links in: ./_posts/2014-09-28-redelabs-segunda-etapa.md
Processing specific links in: ./_posts/2015-08-28-projetos-selecionados-para-o-labic.md
Processing specific links in: ./_posts/2012-03-22-labsurlab-minga-abierta-y-comun-lab.md
Processing specific links in: ./_posts/2010-07-28-fisli-debate-cultura-digital-experimental.md
Processing specific links in: ./_posts/2015-08-20-apresenta-o-do-levantamento-redelabs-neste-s-bado.md
Processing specific links in: ./_posts/2011-02-28-lab-sur-lab.md
Processing specific links in: ./_posts/2011-05-27-tecnoxamanismo-digitofagico.md
Processing specific links in: ./_posts/2010-08-20-future-everything-festivais-como-laboratorios-vivos.md
Processing specific links in: ./_posts/2012-07-05-video-casa-da-cultura-digital.md
Processing specific links in: ./_posts/2011-06-30-simposio-rumos-arte-cibernetica.md
Processing specific links in: ./_posts/2012-01-26-metas-do-pnc.md
Processing specific links in: ./_posts/2011-09-21-hacklab-enredado.md
Processing specific links in: ./_posts/2011-02-25-de-mudanca.md
Processing specific links in: ./_posts/2010-12-02-painel-laboratorios-experimentais-anotacoes.md
Processing specific links in: ./_posts/2010-06-28-modelos-e-perspectivas-empyre.md
Processing specific links in: ./_posts/2015-07-13-imers-o-no-ruralscapes.md
Processing specific links in: ./_posts/2013-06-03-fast-forward-ffwd-hip3rorganicos.md
Processing specific links in: ./_posts/2010-11-30-encontro-redelabs-como-foi.md
Processing specific links in: ./_posts/2014-10-25-arranjos-experimentais-ltima-parte.md
Processing specific links in: ./_posts/2010-08-20-entrevista-drew-hemment.md
Processing specific links in: ./_posts/2015-06-19-transformaking-chamada-aberta.md
Processing specific links in: ./_posts/2015-07-27-encontro-de-labs-durante-o-red-bull-basement.md
Processing specific links in: ./_posts/2010-11-04-encontro-redelabs-preparando.md
Processing specific links in: ./_posts/2012-09-18-interfaces-publicas.md
Processing specific links in: ./_posts/2012-02-09-premio-brasil-criativo.md
Processing specific links in: ./_posts/2010-10-17-o-futuro-dos-laboratorios.md
Processing specific links in: ./_posts/2010-06-08-cultura-digital-experimental-parte-2-google-buzz.md
Processing specific links in: ./_posts/2010-07-04-plenaria-do-eixo-arte-digital-relatoria.md
Processing specific links in: ./_posts/2015-09-09-revisitando-encontro-redelabs-em-2010.md
Processing specific links in: ./_posts/2010-05-28-eventos.md
Processing specific links in: ./_posts/2010-04-21-laborando-em-rede.md
Processing specific links in: ./_posts/2015-01-21-digital-culture-short-report.md
Processing specific links in: ./_posts/2011-04-27-brazil-no-labsurlab.md
Processing specific links in: ./_posts/2010-08-09-entrevista-alejo-duque.md
Processing specific links in: ./_posts/2015-06-08-segunda-chamada-para-ocupa-es-do-labceus.md
Processing specific links in: ./_posts/2014-04-09-sobre-labs.md
Processing specific links in: ./_posts/2011-04-05-experimentacao.md
Processing specific links in: ./_posts/2015-07-09-labceus-divulgam-lista-de-projetos-pr-selecionados.md
Processing specific links in: ./_posts/2015-07-11-tropixel-labs.md
Processing specific links in: ./_posts/2015-09-02-chamada-aberta-do-edital-rumos-ita-cultural.md
Processing specific links in: ./_posts/2012-06-26-ecolocatividade.md
Processing specific links in: ./_posts/2015-10-13-laborat-rios-experimentais-espa-os-em-branco-na-educa-o-formal.md
Processing specific links in: ./_posts/2010-11-15-redelabs-comecando.md
Processing specific links in: ./_posts/2010-09-23-interactivos-10-bh.md
Processing specific links in: ./sobre.md
Processing specific links in: ./_livro/primavera-gelada.md
Processing specific links in: ./_livro/compilacao-redelabs-2010.md
Processing specific links in: ./_livro/cultura-digital-experimental.md
Processing specific links in: ./_livro/minc-14/3.md
Processing specific links in: ./_livro/minc-14/2.md
Processing specific links in: ./_livro/minc-14/2/redelabs-2010.md
Processing specific links in: ./_livro/minc-14/2/estrategias.md
Processing specific links in: ./_livro/minc-14/2/intro.md
Processing specific links in: ./_livro/minc-14/2/referencias.md
Processing specific links in: ./_livro/minc-14/2/entrevistas.md
Processing specific links in: ./_livro/minc-14/1.md
Processing specific links in: ./_livro/minc-14/1/analise.md
Processing specific links in: ./_livro/minc-14/1/mapeamento.md
Processing specific links in: ./_livro/minc-14/1/outras-iniciativas.md
Processing specific links in: ./_livro/minc-14/1/referencias.md
Processing specific links in: ./_livro/minc-14/3/index.md
Processing specific links in: ./_livro/minc-14/3/estrategias.md
Processing specific links in: ./_livro/minc-14/3/intro.md
Processing specific links in: ./_livro/minc-14/3/anexo-entrevistas.md
Processing specific links in: ./_livro/minc-14/3/referencias.md
Processing specific links in: ./_livro/primeiro-encontro-redelabs-2010.md
Processing specific links in: ./_livro/redelabs-laboratorios-experimentais-em-rede-2014.md
Processing specific links in: ./_livro/conclusao-espacos-em-branco.md
Processing specific links in: ./_livro/labs-no-mundo.md
Processing specific links in: ./_livro/preparacao-redelabs-2010.md
Processing specific links in: ./_livro/laboratorios-experimentais-em-rede.md
Processing specific links in: ./_livro/referencias.md
Processing specific links in: ./index.md
--- Updating /node/XXX links ---
Processing node links in: ./_posts/2013-08-05-para-que-serve-um-telecentro.md
Processing node links in: ./_posts/2012-03-11-sobre-labs-e-futuros.md
Processing node links in: ./_posts/2015-09-02-registro-do-encontro-aberto-de-labs-red-bull-basement.md
Processing node links in: ./_posts/2014-06-22-redelabs-laborat-rios-experimentais-em-rede.md
Processing node links in: ./_posts/2010-07-29-file.md
Processing node links in: ./_posts/2014-02-11-oficinas-sesc-pompeia.md
Processing node links in: ./_posts/2013-02-17-labs-cidadaos.md
Processing node links in: ./_posts/2010-09-15-conversa-com-cesar-harada.md
Processing node links in: ./_posts/2011-01-16-redelabs-campus-party.md
Processing node links in: ./_posts/2010-11-30-redelabs-alinhando.md
Processing node links in: ./_posts/2011-07-27-mostra-de-labs-deaf-2012.md
Processing node links in: ./_posts/2016-05-31-v-deo-do-painel-internacional-laborat-rios-experimentais-2010.md
Processing node links in: ./_posts/2012-06-20-video-solvendo-e-coagulando.md
Processing node links in: ./_posts/2015-11-02-o-futuro-da-cultura-lab.md
Processing node links in: ./_posts/2011-04-27-toscolab-utopia.md
Processing node links in: ./_posts/2014-04-28-conclusao.md
Processing node links in: ./_posts/2011-07-04-ciclo-hack.md
Processing node links in: ./_posts/2010-05-25-o-seminario-redelabs.md
Processing node links in: ./_posts/2011-05-28-revolucao-digital-ja-chegou-e-depois.md
Processing node links in: ./_posts/2011-02-28-campus-party-labs-e-centros-de-fomento-cultura-digital.md
Processing node links in: ./_posts/2010-06-13-laboratorios-de-midia-referencias.md
Processing node links in: ./_posts/2010-06-14-um-resumo-do-brasil-profundo.md
Processing node links in: ./_posts/2010-08-30-cidades-digitais.md
Processing node links in: ./_posts/2010-06-07-cultura-digital-experimental-parte-1-twitter.md
Processing node links in: ./_posts/2010-06-02-uma-conversa-com-james-wallbank.md
Processing node links in: ./_posts/2013-07-14-medialab-prado.md
Processing node links in: ./_posts/2012-02-09-midias-locativas-regiao-amazonica.md
Processing node links in: ./_posts/2010-05-25-grupo-redelabs.md
Processing node links in: ./_posts/2010-12-02-painel-internacional-laboratorios-experimentais.md
Processing node links in: ./_posts/2015-05-17-nascentes-de-dados-da-fuma-a.md
Processing node links in: ./_posts/2012-06-20-postura-experimental.md
Processing node links in: ./_posts/2013-08-13-convocatoria-para-colaboradores-interactivos13-nuvem.md
Processing node links in: ./_posts/2010-07-12-labtolab-diario.md
Processing node links in: ./_posts/2012-02-26-labsurlab.md
Processing node links in: ./_posts/2010-08-01-arte-do-cibridismo.md
Processing node links in: ./_posts/2015-07-27-redelabs-no-laborat-rio-de-cidades-sensitivas-labceus.md
Processing node links in: ./_posts/2010-06-15-redelabs-caminhos-brasileiros-para-cultura-digital-experimental.md
Processing node links in: ./_posts/2014-08-14-fablabs-makerspaces-gambiarra-e-conserto.md
Processing node links in: ./_posts/2011-09-30-labs-experimentais.md
Processing node links in: ./_posts/2015-09-09-resultado-do-edital-agentes-de-governo-aberto-do-programa-s-o-paulo-aberta.md
Processing node links in: ./_posts/2010-04-25-redelabs-contexto.md
Processing node links in: ./_posts/2010-06-28-laboratorios-de-experimentacao-em-cultura-digital-gangues-e-industria-criativa.md
Processing node links in: ./_posts/2012-01-23-labx-festival-culturadigitalbr.md
Processing node links in: ./_posts/2011-01-16-bolsa-de-cultura-digital-experimental-documentando.md
Processing node links in: ./_posts/2011-03-14-hackpraxis-boom-2011-parte-1.md
Processing node links in: ./_posts/2015-01-21-lab-ars-electronica-itu-telecom-doha-catar.md
Processing node links in: ./_posts/2010-10-18-netart-latino-database.md
Processing node links in: ./_posts/2014-03-11-edison.md
Processing node links in: ./_posts/2011-04-14-laboratorios-e-redes-desde-uma-perspectiva-das-comunidades-comunidades-desde-uma-perspectiva.md
Processing node links in: ./_posts/2011-03-03-laboratorios-experimentais-interface-rede-rua.md
Processing node links in: ./_posts/2010-06-07-labtolab.md
Processing node links in: ./_posts/2010-09-03-bate-papo-com-gisela-domschke.md
Processing node links in: ./_posts/2010-11-30-redelabs-valeu.md
Processing node links in: ./_posts/2016-03-02-espa-os-de-inova-o-na-am-rica-latina.md
Processing node links in: ./_posts/2012-07-11-video-cachoeira-bahia.md
Processing node links in: ./_posts/2014-08-30-publicando.md
Processing node links in: ./_posts/2010-10-04-colartedigital.md
Processing node links in: ./_posts/2015-09-26-entrevista-com-rachel-rosalen-e-rafael-marchetti-idealizadores-e-coordenadores-do-ruralscapes.md
Processing node links in: ./_posts/2017-06-13-dos-laborat-rios-experimentais-inova-o-cidad.md
Processing node links in: ./_posts/2012-02-08-mappa-laboratorios-do-mundo-todo.md
Processing node links in: ./_posts/2011-02-28-redelabs-nao-redelab.md
Processing node links in: ./_posts/2014-03-11-dissertacao-redigida.md
Processing node links in: ./_posts/2010-05-28-lugar-e-espaco.md
Processing node links in: ./_posts/2010-10-19-redelabs-no-forum-da-cultura-digital-2010.md
Processing node links in: ./_posts/2015-07-13-laborat-rio-de-inova-o-cidad-recebe-propostas.md
Processing node links in: ./_posts/2010-04-25-wiki.md
Processing node links in: ./_posts/2014-02-11-labe-laboratorios-experimentais-de-criatividade.md
Processing node links in: ./_posts/2010-06-17-cultura-digital-experimental-parte-3-lista-metareciclagem.md
Processing node links in: ./_posts/2010-11-30-redelabs-uma-semana.md
Processing node links in: ./_posts/2014-09-28-redelabs-segunda-etapa.md
Processing node links in: ./_posts/2015-08-28-projetos-selecionados-para-o-labic.md
Processing node links in: ./_posts/2012-03-22-labsurlab-minga-abierta-y-comun-lab.md
Processing node links in: ./_posts/2010-07-28-fisli-debate-cultura-digital-experimental.md
Processing node links in: ./_posts/2015-08-20-apresenta-o-do-levantamento-redelabs-neste-s-bado.md
Processing node links in: ./_posts/2011-02-28-lab-sur-lab.md
Processing node links in: ./_posts/2011-05-27-tecnoxamanismo-digitofagico.md
Processing node links in: ./_posts/2010-08-20-future-everything-festivais-como-laboratorios-vivos.md
Processing node links in: ./_posts/2012-07-05-video-casa-da-cultura-digital.md
Processing node links in: ./_posts/2011-06-30-simposio-rumos-arte-cibernetica.md
Processing node links in: ./_posts/2012-01-26-metas-do-pnc.md
Processing node links in: ./_posts/2011-09-21-hacklab-enredado.md
Processing node links in: ./_posts/2011-02-25-de-mudanca.md
Processing node links in: ./_posts/2010-12-02-painel-laboratorios-experimentais-anotacoes.md
Processing node links in: ./_posts/2010-06-28-modelos-e-perspectivas-empyre.md
Processing node links in: ./_posts/2015-07-13-imers-o-no-ruralscapes.md
Processing node links in: ./_posts/2013-06-03-fast-forward-ffwd-hip3rorganicos.md
Processing node links in: ./_posts/2010-11-30-encontro-redelabs-como-foi.md
Processing node links in: ./_posts/2014-10-25-arranjos-experimentais-ltima-parte.md
Processing node links in: ./_posts/2010-08-20-entrevista-drew-hemment.md
Processing node links in: ./_posts/2015-06-19-transformaking-chamada-aberta.md
Processing node links in: ./_posts/2015-07-27-encontro-de-labs-durante-o-red-bull-basement.md
Processing node links in: ./_posts/2010-11-04-encontro-redelabs-preparando.md
Processing node links in: ./_posts/2012-09-18-interfaces-publicas.md
Processing node links in: ./_posts/2012-02-09-premio-brasil-criativo.md
Processing node links in: ./_posts/2010-10-17-o-futuro-dos-laboratorios.md
Processing node links in: ./_posts/2010-06-08-cultura-digital-experimental-parte-2-google-buzz.md
Processing node links in: ./_posts/2010-07-04-plenaria-do-eixo-arte-digital-relatoria.md
Processing node links in: ./_posts/2015-09-09-revisitando-encontro-redelabs-em-2010.md
Processing node links in: ./_posts/2010-05-28-eventos.md
Processing node links in: ./_posts/2010-04-21-laborando-em-rede.md
Processing node links in: ./_posts/2015-01-21-digital-culture-short-report.md
Processing node links in: ./_posts/2011-04-27-brazil-no-labsurlab.md
Processing node links in: ./_posts/2010-08-09-entrevista-alejo-duque.md
Processing node links in: ./_posts/2015-06-08-segunda-chamada-para-ocupa-es-do-labceus.md
Processing node links in: ./_posts/2014-04-09-sobre-labs.md
Processing node links in: ./_posts/2011-04-05-experimentacao.md
Processing node links in: ./_posts/2015-07-09-labceus-divulgam-lista-de-projetos-pr-selecionados.md
Processing node links in: ./_posts/2015-07-11-tropixel-labs.md
Processing node links in: ./_posts/2015-09-02-chamada-aberta-do-edital-rumos-ita-cultural.md
Processing node links in: ./_posts/2012-06-26-ecolocatividade.md
Processing node links in: ./_posts/2015-10-13-laborat-rios-experimentais-espa-os-em-branco-na-educa-o-formal.md
Processing node links in: ./_posts/2010-11-15-redelabs-comecando.md
Processing node links in: ./_posts/2010-09-23-interactivos-10-bh.md
Processing node links in: ./sobre.md
Processing node links in: ./_livro/primavera-gelada.md
Processing node links in: ./_livro/compilacao-redelabs-2010.md
Processing node links in: ./_livro/cultura-digital-experimental.md
Processing node links in: ./_livro/minc-14/3.md
Processing node links in: ./_livro/minc-14/2.md
Processing node links in: ./_livro/minc-14/2/redelabs-2010.md
Processing node links in: ./_livro/minc-14/2/estrategias.md
Processing node links in: ./_livro/minc-14/2/intro.md
Processing node links in: ./_livro/minc-14/2/referencias.md
Processing node links in: ./_livro/minc-14/2/entrevistas.md
Processing node links in: ./_livro/minc-14/1.md
Processing node links in: ./_livro/minc-14/1/analise.md
Processing node links in: ./_livro/minc-14/1/mapeamento.md
Processing node links in: ./_livro/minc-14/1/outras-iniciativas.md
Processing node links in: ./_livro/minc-14/1/referencias.md
Processing node links in: ./_livro/minc-14/3/index.md
Processing node links in: ./_livro/minc-14/3/estrategias.md
Processing node links in: ./_livro/minc-14/3/intro.md
Processing node links in: ./_livro/minc-14/3/anexo-entrevistas.md
Processing node links in: ./_livro/minc-14/3/referencias.md
Processing node links in: ./_livro/primeiro-encontro-redelabs-2010.md
Processing node links in: ./_livro/redelabs-laboratorios-experimentais-em-rede-2014.md
Processing node links in: ./_livro/conclusao-espacos-em-branco.md
Processing node links in: ./_livro/labs-no-mundo.md
Processing node links in: ./_livro/preparacao-redelabs-2010.md
Processing node links in: ./_livro/laboratorios-experimentais-em-rede.md
Processing node links in: ./_livro/referencias.md
Processing node links in: ./index.md
--- Updating /blog/post-name.html links ---
Processing blog links in: ./_posts/2013-08-05-para-que-serve-um-telecentro.md
Processing blog links in: ./_posts/2012-03-11-sobre-labs-e-futuros.md
Processing blog links in: ./_posts/2015-09-02-registro-do-encontro-aberto-de-labs-red-bull-basement.md
Processing blog links in: ./_posts/2014-06-22-redelabs-laborat-rios-experimentais-em-rede.md
Processing blog links in: ./_posts/2010-07-29-file.md
Processing blog links in: ./_posts/2014-02-11-oficinas-sesc-pompeia.md
Processing blog links in: ./_posts/2013-02-17-labs-cidadaos.md
Processing blog links in: ./_posts/2010-09-15-conversa-com-cesar-harada.md
Processing blog links in: ./_posts/2011-01-16-redelabs-campus-party.md
Processing blog links in: ./_posts/2010-11-30-redelabs-alinhando.md
Processing blog links in: ./_posts/2011-07-27-mostra-de-labs-deaf-2012.md
Processing blog links in: ./_posts/2016-05-31-v-deo-do-painel-internacional-laborat-rios-experimentais-2010.md
Processing blog links in: ./_posts/2012-06-20-video-solvendo-e-coagulando.md
Processing blog links in: ./_posts/2015-11-02-o-futuro-da-cultura-lab.md
Processing blog links in: ./_posts/2011-04-27-toscolab-utopia.md
Processing blog links in: ./_posts/2014-04-28-conclusao.md
Processing blog links in: ./_posts/2011-07-04-ciclo-hack.md
Processing blog links in: ./_posts/2010-05-25-o-seminario-redelabs.md
Processing blog links in: ./_posts/2011-05-28-revolucao-digital-ja-chegou-e-depois.md
Processing blog links in: ./_posts/2011-02-28-campus-party-labs-e-centros-de-fomento-cultura-digital.md
Processing blog links in: ./_posts/2010-06-13-laboratorios-de-midia-referencias.md
Processing blog links in: ./_posts/2010-06-14-um-resumo-do-brasil-profundo.md
Processing blog links in: ./_posts/2010-08-30-cidades-digitais.md
Processing blog links in: ./_posts/2010-06-07-cultura-digital-experimental-parte-1-twitter.md
Processing blog links in: ./_posts/2010-06-02-uma-conversa-com-james-wallbank.md
Processing blog links in: ./_posts/2013-07-14-medialab-prado.md
Processing blog links in: ./_posts/2012-02-09-midias-locativas-regiao-amazonica.md
Processing blog links in: ./_posts/2010-05-25-grupo-redelabs.md
Processing blog links in: ./_posts/2010-12-02-painel-internacional-laboratorios-experimentais.md
Processing blog links in: ./_posts/2015-05-17-nascentes-de-dados-da-fuma-a.md
Processing blog links in: ./_posts/2012-06-20-postura-experimental.md
Processing blog links in: ./_posts/2013-08-13-convocatoria-para-colaboradores-interactivos13-nuvem.md
Processing blog links in: ./_posts/2010-07-12-labtolab-diario.md
Processing blog links in: ./_posts/2012-02-26-labsurlab.md
Processing blog links in: ./_posts/2010-08-01-arte-do-cibridismo.md
Processing blog links in: ./_posts/2015-07-27-redelabs-no-laborat-rio-de-cidades-sensitivas-labceus.md
Processing blog links in: ./_posts/2010-06-15-redelabs-caminhos-brasileiros-para-cultura-digital-experimental.md
Processing blog links in: ./_posts/2014-08-14-fablabs-makerspaces-gambiarra-e-conserto.md
Processing blog links in: ./_posts/2011-09-30-labs-experimentais.md
Processing blog links in: ./_posts/2015-09-09-resultado-do-edital-agentes-de-governo-aberto-do-programa-s-o-paulo-aberta.md
Processing blog links in: ./_posts/2010-04-25-redelabs-contexto.md
Processing blog links in: ./_posts/2010-06-28-laboratorios-de-experimentacao-em-cultura-digital-gangues-e-industria-criativa.md
Processing blog links in: ./_posts/2012-01-23-labx-festival-culturadigitalbr.md
Processing blog links in: ./_posts/2011-01-16-bolsa-de-cultura-digital-experimental-documentando.md
Processing blog links in: ./_posts/2011-03-14-hackpraxis-boom-2011-parte-1.md
Processing blog links in: ./_posts/2015-01-21-lab-ars-electronica-itu-telecom-doha-catar.md
Processing blog links in: ./_posts/2010-10-18-netart-latino-database.md
Processing blog links in: ./_posts/2014-03-11-edison.md
Processing blog links in: ./_posts/2011-04-14-laboratorios-e-redes-desde-uma-perspectiva-das-comunidades-comunidades-desde-uma-perspectiva.md
Processing blog links in: ./_posts/2011-03-03-laboratorios-experimentais-interface-rede-rua.md
Processing blog links in: ./_posts/2010-06-07-labtolab.md
Processing blog links in: ./_posts/2010-09-03-bate-papo-com-gisela-domschke.md
Processing blog links in: ./_posts/2010-11-30-redelabs-valeu.md
Processing blog links in: ./_posts/2016-03-02-espa-os-de-inova-o-na-am-rica-latina.md
Processing blog links in: ./_posts/2012-07-11-video-cachoeira-bahia.md
Processing blog links in: ./_posts/2014-08-30-publicando.md
Processing blog links in: ./_posts/2010-10-04-colartedigital.md
Processing blog links in: ./_posts/2015-09-26-entrevista-com-rachel-rosalen-e-rafael-marchetti-idealizadores-e-coordenadores-do-ruralscapes.md
Processing blog links in: ./_posts/2017-06-13-dos-laborat-rios-experimentais-inova-o-cidad.md
Processing blog links in: ./_posts/2012-02-08-mappa-laboratorios-do-mundo-todo.md
Processing blog links in: ./_posts/2011-02-28-redelabs-nao-redelab.md
Processing blog links in: ./_posts/2014-03-11-dissertacao-redigida.md
Processing blog links in: ./_posts/2010-05-28-lugar-e-espaco.md
Processing blog links in: ./_posts/2010-10-19-redelabs-no-forum-da-cultura-digital-2010.md
Processing blog links in: ./_posts/2015-07-13-laborat-rio-de-inova-o-cidad-recebe-propostas.md
Processing blog links in: ./_posts/2010-04-25-wiki.md
Processing blog links in: ./_posts/2014-02-11-labe-laboratorios-experimentais-de-criatividade.md
Processing blog links in: ./_posts/2010-06-17-cultura-digital-experimental-parte-3-lista-metareciclagem.md
Processing blog links in: ./_posts/2010-11-30-redelabs-uma-semana.md
Processing blog links in: ./_posts/2014-09-28-redelabs-segunda-etapa.md
Processing blog links in: ./_posts/2015-08-28-projetos-selecionados-para-o-labic.md
Processing blog links in: ./_posts/2012-03-22-labsurlab-minga-abierta-y-comun-lab.md
Processing blog links in: ./_posts/2010-07-28-fisli-debate-cultura-digital-experimental.md
Processing blog links in: ./_posts/2015-08-20-apresenta-o-do-levantamento-redelabs-neste-s-bado.md
Processing blog links in: ./_posts/2011-02-28-lab-sur-lab.md
Processing blog links in: ./_posts/2011-05-27-tecnoxamanismo-digitofagico.md
Processing blog links in: ./_posts/2010-08-20-future-everything-festivais-como-laboratorios-vivos.md
Processing blog links in: ./_posts/2012-07-05-video-casa-da-cultura-digital.md
Processing blog links in: ./_posts/2011-06-30-simposio-rumos-arte-cibernetica.md
Processing blog links in: ./_posts/2012-01-26-metas-do-pnc.md
Processing blog links in: ./_posts/2011-09-21-hacklab-enredado.md
Processing blog links in: ./_posts/2011-02-25-de-mudanca.md
Processing blog links in: ./_posts/2010-12-02-painel-laboratorios-experimentais-anotacoes.md
Processing blog links in: ./_posts/2010-06-28-modelos-e-perspectivas-empyre.md
Processing blog links in: ./_posts/2015-07-13-imers-o-no-ruralscapes.md
Processing blog links in: ./_posts/2013-06-03-fast-forward-ffwd-hip3rorganicos.md
Processing blog links in: ./_posts/2010-11-30-encontro-redelabs-como-foi.md
Processing blog links in: ./_posts/2014-10-25-arranjos-experimentais-ltima-parte.md
Processing blog links in: ./_posts/2010-08-20-entrevista-drew-hemment.md
Processing blog links in: ./_posts/2015-06-19-transformaking-chamada-aberta.md
Processing blog links in: ./_posts/2015-07-27-encontro-de-labs-durante-o-red-bull-basement.md
Processing blog links in: ./_posts/2010-11-04-encontro-redelabs-preparando.md
Processing blog links in: ./_posts/2012-09-18-interfaces-publicas.md
Processing blog links in: ./_posts/2012-02-09-premio-brasil-criativo.md
Processing blog links in: ./_posts/2010-10-17-o-futuro-dos-laboratorios.md
Processing blog links in: ./_posts/2010-06-08-cultura-digital-experimental-parte-2-google-buzz.md
Processing blog links in: ./_posts/2010-07-04-plenaria-do-eixo-arte-digital-relatoria.md
Processing blog links in: ./_posts/2015-09-09-revisitando-encontro-redelabs-em-2010.md
Processing blog links in: ./_posts/2010-05-28-eventos.md
Processing blog links in: ./_posts/2010-04-21-laborando-em-rede.md
Processing blog links in: ./_posts/2015-01-21-digital-culture-short-report.md
Processing blog links in: ./_posts/2011-04-27-brazil-no-labsurlab.md
Processing blog links in: ./_posts/2010-08-09-entrevista-alejo-duque.md
Processing blog links in: ./_posts/2015-06-08-segunda-chamada-para-ocupa-es-do-labceus.md
Processing blog links in: ./_posts/2014-04-09-sobre-labs.md
Processing blog links in: ./_posts/2011-04-05-experimentacao.md
Processing blog links in: ./_posts/2015-07-09-labceus-divulgam-lista-de-projetos-pr-selecionados.md
Processing blog links in: ./_posts/2015-07-11-tropixel-labs.md
Processing blog links in: ./_posts/2015-09-02-chamada-aberta-do-edital-rumos-ita-cultural.md
Processing blog links in: ./_posts/2012-06-26-ecolocatividade.md
Processing blog links in: ./_posts/2015-10-13-laborat-rios-experimentais-espa-os-em-branco-na-educa-o-formal.md
Processing blog links in: ./_posts/2010-11-15-redelabs-comecando.md
Processing blog links in: ./_posts/2010-09-23-interactivos-10-bh.md
Processing blog links in: ./sobre.md
Processing blog links in: ./_livro/primavera-gelada.md
Processing blog links in: ./_livro/compilacao-redelabs-2010.md
Processing blog links in: ./_livro/cultura-digital-experimental.md
Processing blog links in: ./_livro/minc-14/3.md
Processing blog links in: ./_livro/minc-14/2.md
Processing blog links in: ./_livro/minc-14/2/redelabs-2010.md
Processing blog links in: ./_livro/minc-14/2/estrategias.md
Processing blog links in: ./_livro/minc-14/2/intro.md
Processing blog links in: ./_livro/minc-14/2/referencias.md
Processing blog links in: ./_livro/minc-14/2/entrevistas.md
Processing blog links in: ./_livro/minc-14/1.md
Processing blog links in: ./_livro/minc-14/1/analise.md
Processing blog links in: ./_livro/minc-14/1/mapeamento.md
Processing blog links in: ./_livro/minc-14/1/outras-iniciativas.md
Processing blog links in: ./_livro/minc-14/1/referencias.md
Processing blog links in: ./_livro/minc-14/3/index.md
Processing blog links in: ./_livro/minc-14/3/estrategias.md
Processing blog links in: ./_livro/minc-14/3/intro.md
Processing blog links in: ./_livro/minc-14/3/anexo-entrevistas.md
Processing blog links in: ./_livro/minc-14/3/referencias.md
Processing blog links in: ./_livro/primeiro-encontro-redelabs-2010.md
Processing blog links in: ./_livro/redelabs-laboratorios-experimentais-em-rede-2014.md
Processing blog links in: ./_livro/conclusao-espacos-em-branco.md
Processing blog links in: ./_livro/labs-no-mundo.md
Processing blog links in: ./_livro/preparacao-redelabs-2010.md
Processing blog links in: ./_livro/laboratorios-experimentais-em-rede.md
Processing blog links in: ./_livro/referencias.md
Processing blog links in: ./index.md
--- Updating /livro/path/name.html links ---
Processing livro links in: ./_posts/2013-08-05-para-que-serve-um-telecentro.md
Processing livro links in: ./_posts/2012-03-11-sobre-labs-e-futuros.md
Processing livro links in: ./_posts/2015-09-02-registro-do-encontro-aberto-de-labs-red-bull-basement.md
Processing livro links in: ./_posts/2014-06-22-redelabs-laborat-rios-experimentais-em-rede.md
Processing livro links in: ./_posts/2010-07-29-file.md
Processing livro links in: ./_posts/2014-02-11-oficinas-sesc-pompeia.md
Processing livro links in: ./_posts/2013-02-17-labs-cidadaos.md
Processing livro links in: ./_posts/2010-09-15-conversa-com-cesar-harada.md
Processing livro links in: ./_posts/2011-01-16-redelabs-campus-party.md
Processing livro links in: ./_posts/2010-11-30-redelabs-alinhando.md
Processing livro links in: ./_posts/2011-07-27-mostra-de-labs-deaf-2012.md
Processing livro links in: ./_posts/2016-05-31-v-deo-do-painel-internacional-laborat-rios-experimentais-2010.md
Processing livro links in: ./_posts/2012-06-20-video-solvendo-e-coagulando.md
Processing livro links in: ./_posts/2015-11-02-o-futuro-da-cultura-lab.md
Processing livro links in: ./_posts/2011-04-27-toscolab-utopia.md
Processing livro links in: ./_posts/2014-04-28-conclusao.md
Processing livro links in: ./_posts/2011-07-04-ciclo-hack.md
Processing livro links in: ./_posts/2010-05-25-o-seminario-redelabs.md
Processing livro links in: ./_posts/2011-05-28-revolucao-digital-ja-chegou-e-depois.md
Processing livro links in: ./_posts/2011-02-28-campus-party-labs-e-centros-de-fomento-cultura-digital.md
Processing livro links in: ./_posts/2010-06-13-laboratorios-de-midia-referencias.md
Processing livro links in: ./_posts/2010-06-14-um-resumo-do-brasil-profundo.md
Processing livro links in: ./_posts/2010-08-30-cidades-digitais.md
Processing livro links in: ./_posts/2010-06-07-cultura-digital-experimental-parte-1-twitter.md
Processing livro links in: ./_posts/2010-06-02-uma-conversa-com-james-wallbank.md
Processing livro links in: ./_posts/2013-07-14-medialab-prado.md
Processing livro links in: ./_posts/2012-02-09-midias-locativas-regiao-amazonica.md
Processing livro links in: ./_posts/2010-05-25-grupo-redelabs.md
Processing livro links in: ./_posts/2010-12-02-painel-internacional-laboratorios-experimentais.md
Processing livro links in: ./_posts/2015-05-17-nascentes-de-dados-da-fuma-a.md
Processing livro links in: ./_posts/2012-06-20-postura-experimental.md
Processing livro links in: ./_posts/2013-08-13-convocatoria-para-colaboradores-interactivos13-nuvem.md
Processing livro links in: ./_posts/2010-07-12-labtolab-diario.md
Processing livro links in: ./_posts/2012-02-26-labsurlab.md
Processing livro links in: ./_posts/2010-08-01-arte-do-cibridismo.md
Processing livro links in: ./_posts/2015-07-27-redelabs-no-laborat-rio-de-cidades-sensitivas-labceus.md
Processing livro links in: ./_posts/2010-06-15-redelabs-caminhos-brasileiros-para-cultura-digital-experimental.md
Processing livro links in: ./_posts/2014-08-14-fablabs-makerspaces-gambiarra-e-conserto.md
Processing livro links in: ./_posts/2011-09-30-labs-experimentais.md
Processing livro links in: ./_posts/2015-09-09-resultado-do-edital-agentes-de-governo-aberto-do-programa-s-o-paulo-aberta.md
Processing livro links in: ./_posts/2010-04-25-redelabs-contexto.md
Processing livro links in: ./_posts/2010-06-28-laboratorios-de-experimentacao-em-cultura-digital-gangues-e-industria-criativa.md
Processing livro links in: ./_posts/2012-01-23-labx-festival-culturadigitalbr.md
Processing livro links in: ./_posts/2011-01-16-bolsa-de-cultura-digital-experimental-documentando.md
Processing livro links in: ./_posts/2011-03-14-hackpraxis-boom-2011-parte-1.md
Processing livro links in: ./_posts/2015-01-21-lab-ars-electronica-itu-telecom-doha-catar.md
Processing livro links in: ./_posts/2010-10-18-netart-latino-database.md
Processing livro links in: ./_posts/2014-03-11-edison.md
Processing livro links in: ./_posts/2011-04-14-laboratorios-e-redes-desde-uma-perspectiva-das-comunidades-comunidades-desde-uma-perspectiva.md
Processing livro links in: ./_posts/2011-03-03-laboratorios-experimentais-interface-rede-rua.md
Processing livro links in: ./_posts/2010-06-07-labtolab.md
Processing livro links in: ./_posts/2010-09-03-bate-papo-com-gisela-domschke.md
Processing livro links in: ./_posts/2010-11-30-redelabs-valeu.md
Processing livro links in: ./_posts/2016-03-02-espa-os-de-inova-o-na-am-rica-latina.md
Processing livro links in: ./_posts/2012-07-11-video-cachoeira-bahia.md
Processing livro links in: ./_posts/2014-08-30-publicando.md
Processing livro links in: ./_posts/2010-10-04-colartedigital.md
Processing livro links in: ./_posts/2015-09-26-entrevista-com-rachel-rosalen-e-rafael-marchetti-idealizadores-e-coordenadores-do-ruralscapes.md
Processing livro links in: ./_posts/2017-06-13-dos-laborat-rios-experimentais-inova-o-cidad.md
Processing livro links in: ./_posts/2012-02-08-mappa-laboratorios-do-mundo-todo.md
Processing livro links in: ./_posts/2011-02-28-redelabs-nao-redelab.md
Processing livro links in: ./_posts/2014-03-11-dissertacao-redigida.md
Processing livro links in: ./_posts/2010-05-28-lugar-e-espaco.md
Processing livro links in: ./_posts/2010-10-19-redelabs-no-forum-da-cultura-digital-2010.md
Processing livro links in: ./_posts/2015-07-13-laborat-rio-de-inova-o-cidad-recebe-propostas.md
Processing livro links in: ./_posts/2010-04-25-wiki.md
Processing livro links in: ./_posts/2014-02-11-labe-laboratorios-experimentais-de-criatividade.md
Processing livro links in: ./_posts/2010-06-17-cultura-digital-experimental-parte-3-lista-metareciclagem.md
Processing livro links in: ./_posts/2010-11-30-redelabs-uma-semana.md
Processing livro links in: ./_posts/2014-09-28-redelabs-segunda-etapa.md
Processing livro links in: ./_posts/2015-08-28-projetos-selecionados-para-o-labic.md
Processing livro links in: ./_posts/2012-03-22-labsurlab-minga-abierta-y-comun-lab.md
Processing livro links in: ./_posts/2010-07-28-fisli-debate-cultura-digital-experimental.md
Processing livro links in: ./_posts/2015-08-20-apresenta-o-do-levantamento-redelabs-neste-s-bado.md
Processing livro links in: ./_posts/2011-02-28-lab-sur-lab.md
Processing livro links in: ./_posts/2011-05-27-tecnoxamanismo-digitofagico.md
Processing livro links in: ./_posts/2010-08-20-future-everything-festivais-como-laboratorios-vivos.md
Processing livro links in: ./_posts/2012-07-05-video-casa-da-cultura-digital.md
Processing livro links in: ./_posts/2011-06-30-simposio-rumos-arte-cibernetica.md
Processing livro links in: ./_posts/2012-01-26-metas-do-pnc.md
Processing livro links in: ./_posts/2011-09-21-hacklab-enredado.md
Processing livro links in: ./_posts/2011-02-25-de-mudanca.md
Processing livro links in: ./_posts/2010-12-02-painel-laboratorios-experimentais-anotacoes.md
Processing livro links in: ./_posts/2010-06-28-modelos-e-perspectivas-empyre.md
Processing livro links in: ./_posts/2015-07-13-imers-o-no-ruralscapes.md
Processing livro links in: ./_posts/2013-06-03-fast-forward-ffwd-hip3rorganicos.md
Processing livro links in: ./_posts/2010-11-30-encontro-redelabs-como-foi.md
Processing livro links in: ./_posts/2014-10-25-arranjos-experimentais-ltima-parte.md
Processing livro links in: ./_posts/2010-08-20-entrevista-drew-hemment.md
Processing livro links in: ./_posts/2015-06-19-transformaking-chamada-aberta.md
Processing livro links in: ./_posts/2015-07-27-encontro-de-labs-durante-o-red-bull-basement.md
Processing livro links in: ./_posts/2010-11-04-encontro-redelabs-preparando.md
Processing livro links in: ./_posts/2012-09-18-interfaces-publicas.md
Processing livro links in: ./_posts/2012-02-09-premio-brasil-criativo.md
Processing livro links in: ./_posts/2010-10-17-o-futuro-dos-laboratorios.md
Processing livro links in: ./_posts/2010-06-08-cultura-digital-experimental-parte-2-google-buzz.md
Processing livro links in: ./_posts/2010-07-04-plenaria-do-eixo-arte-digital-relatoria.md
Processing livro links in: ./_posts/2015-09-09-revisitando-encontro-redelabs-em-2010.md
Processing livro links in: ./_posts/2010-05-28-eventos.md
Processing livro links in: ./_posts/2010-04-21-laborando-em-rede.md
Processing livro links in: ./_posts/2015-01-21-digital-culture-short-report.md
Processing livro links in: ./_posts/2011-04-27-brazil-no-labsurlab.md
Processing livro links in: ./_posts/2010-08-09-entrevista-alejo-duque.md
Processing livro links in: ./_posts/2015-06-08-segunda-chamada-para-ocupa-es-do-labceus.md
Processing livro links in: ./_posts/2014-04-09-sobre-labs.md
Processing livro links in: ./_posts/2011-04-05-experimentacao.md
Processing livro links in: ./_posts/2015-07-09-labceus-divulgam-lista-de-projetos-pr-selecionados.md
Processing livro links in: ./_posts/2015-07-11-tropixel-labs.md
Processing livro links in: ./_posts/2015-09-02-chamada-aberta-do-edital-rumos-ita-cultural.md
Processing livro links in: ./_posts/2012-06-26-ecolocatividade.md
Processing livro links in: ./_posts/2015-10-13-laborat-rios-experimentais-espa-os-em-branco-na-educa-o-formal.md
Processing livro links in: ./_posts/2010-11-15-redelabs-comecando.md
Processing livro links in: ./_posts/2010-09-23-interactivos-10-bh.md
Processing livro links in: ./sobre.md
Processing livro links in: ./_livro/primavera-gelada.md
Processing livro links in: ./_livro/compilacao-redelabs-2010.md
Processing livro links in: ./_livro/cultura-digital-experimental.md
Processing livro links in: ./_livro/minc-14/3.md
Processing livro links in: ./_livro/minc-14/2.md
Processing livro links in: ./_livro/minc-14/2/redelabs-2010.md
Processing livro links in: ./_livro/minc-14/2/estrategias.md
Processing livro links in: ./_livro/minc-14/2/intro.md
Processing livro links in: ./_livro/minc-14/2/referencias.md
Processing livro links in: ./_livro/minc-14/2/entrevistas.md
Processing livro links in: ./_livro/minc-14/1.md
Processing livro links in: ./_livro/minc-14/1/analise.md
Processing livro links in: ./_livro/minc-14/1/mapeamento.md
Processing livro links in: ./_livro/minc-14/1/outras-iniciativas.md
Processing livro links in: ./_livro/minc-14/1/referencias.md
Processing livro links in: ./_livro/minc-14/3/index.md
Processing livro links in: ./_livro/minc-14/3/estrategias.md
Processing livro links in: ./_livro/minc-14/3/intro.md
Processing livro links in: ./_livro/minc-14/3/anexo-entrevistas.md
Processing livro links in: ./_livro/minc-14/3/referencias.md
Processing livro links in: ./_livro/primeiro-encontro-redelabs-2010.md
Processing livro links in: ./_livro/redelabs-laboratorios-experimentais-em-rede-2014.md
Processing livro links in: ./_livro/conclusao-espacos-em-branco.md
Processing livro links in: ./_livro/labs-no-mundo.md
Processing livro links in: ./_livro/preparacao-redelabs-2010.md
Processing livro links in: ./_livro/laboratorios-experimentais-em-rede.md
Processing livro links in: ./_livro/referencias.md
Processing livro links in: ./index.md
