Starting 'livro' content processing (attempt 3, title focus)...
INFO: 'livro' collection already configured in _config.yml.
Processing livro/compilação-redelabs-2010.html...
SUCCESS: Created _livro/compilacao-redelabs-2010.md from livro/compilação-redelabs-2010.html (Permalink: /livro/compilação-redelabs-2010/)
Processing livro/preparação-redelabs-2010.html...
SUCCESS: Created _livro/preparacao-redelabs-2010.md from livro/preparação-redelabs-2010.html (Permalink: /livro/preparação-redelabs-2010/)
Processing livro/referências.html...
SUCCESS: Created _livro/referencias.md from livro/referências.html (Permalink: /livro/referências/)
Processing livro/conclusão-espaços-em-branco.html...
SUCCESS: Created _livro/conclusao-espacos-em-branco.md from livro/conclusão-espaços-em-branco.html (Permalink: /livro/conclusão-espaços-em-branco/)
Processing livro/primavera-gelada.html...
SUCCESS: Created _livro/primavera-gelada.md from livro/primavera-gelada.html (Permalink: /livro/primavera-gelada/)
Processing livro/minc-14/2/referencias.html...
SUCCESS: Created _livro/minc-14/2/referencias.md from livro/minc-14/2/referencias.html (Permalink: /livro/minc-14/2/referencias/)
Processing livro/minc-14/2/redelabs-2010.html...
SUCCESS: Created _livro/minc-14/2/redelabs-2010.md from livro/minc-14/2/redelabs-2010.html (Permalink: /livro/minc-14/2/redelabs-2010/)
Processing livro/minc-14/2/entrevistas.html...
SUCCESS: Created _livro/minc-14/2/entrevistas.md from livro/minc-14/2/entrevistas.html (Permalink: /livro/minc-14/2/entrevistas/)
Processing livro/minc-14/2/intro.html...
SUCCESS: Created _livro/minc-14/2/intro.md from livro/minc-14/2/intro.html (Permalink: /livro/minc-14/2/intro/)
Processing livro/minc-14/2/estrategias.html...
SUCCESS: Created _livro/minc-14/2/estrategias.md from livro/minc-14/2/estrategias.html (Permalink: /livro/minc-14/2/estrategias/)
Processing livro/minc-14/3.html...
SUCCESS: Created _livro/minc-14/3.md from livro/minc-14/3.html (Permalink: /livro/minc-14/3/)
Processing livro/minc-14/2.html...
SUCCESS: Created _livro/minc-14/2.md from livro/minc-14/2.html (Permalink: /livro/minc-14/2/)
Processing livro/minc-14/1/referencias.html...
SUCCESS: Created _livro/minc-14/1/referencias.md from livro/minc-14/1/referencias.html (Permalink: /livro/minc-14/1/referencias/)
Processing livro/minc-14/1/mapeamento.html...
SUCCESS: Created _livro/minc-14/1/mapeamento.md from livro/minc-14/1/mapeamento.html (Permalink: /livro/minc-14/1/mapeamento/)
Processing livro/minc-14/1/analise.html...
SUCCESS: Created _livro/minc-14/1/analise.md from livro/minc-14/1/analise.html (Permalink: /livro/minc-14/1/analise/)
Processing livro/minc-14/1/outras-iniciativas.html...
SUCCESS: Created _livro/minc-14/1/outras-iniciativas.md from livro/minc-14/1/outras-iniciativas.html (Permalink: /livro/minc-14/1/outras-iniciativas/)
Processing livro/minc-14/1.html...
SUCCESS: Created _livro/minc-14/1.md from livro/minc-14/1.html (Permalink: /livro/minc-14/1/)
Processing livro/minc-14/3/referencias.html...
SUCCESS: Created _livro/minc-14/3/referencias.md from livro/minc-14/3/referencias.html (Permalink: /livro/minc-14/3/referencias/)
Processing livro/minc-14/3/index.html...
SUCCESS: Created _livro/minc-14/3/index.md from livro/minc-14/3/index.html (Permalink: /livro/minc-14/3/)
Processing livro/minc-14/3/intro.html...
SUCCESS: Created _livro/minc-14/3/intro.md from livro/minc-14/3/intro.html (Permalink: /livro/minc-14/3/intro/)
Processing livro/minc-14/3/anexo-entrevistas.html...
SUCCESS: Created _livro/minc-14/3/anexo-entrevistas.md from livro/minc-14/3/anexo-entrevistas.html (Permalink: /livro/minc-14/3/anexo-entrevistas/)
Processing livro/minc-14/3/estrategias.html...
SUCCESS: Created _livro/minc-14/3/estrategias.md from livro/minc-14/3/estrategias.html (Permalink: /livro/minc-14/3/estrategias/)
Processing livro/primeiro-encontro-redelabs-2010.html...
SUCCESS: Created _livro/primeiro-encontro-redelabs-2010.md from livro/primeiro-encontro-redelabs-2010.html (Permalink: /livro/primeiro-encontro-redelabs-2010/)
Processing livro/cultura-digital-experimental.html...
SUCCESS: Created _livro/cultura-digital-experimental.md from livro/cultura-digital-experimental.html (Permalink: /livro/cultura-digital-experimental/)
Processing livro/laboratórios-experimentais-em-rede.html...
SUCCESS: Created _livro/laboratorios-experimentais-em-rede.md from livro/laboratórios-experimentais-em-rede.html (Permalink: /livro/laboratórios-experimentais-em-rede/)
Processing livro/arranjos-experimentais-criativos-em-cultura-digital-i-mapeamento-2014.html...
ERROR: Could not extract body for livro/arranjos-experimentais-criativos-em-cultura-digital-i-mapeamento-2014.html. Skipping.
Processing livro/labs-no-mundo.html...
SUCCESS: Created _livro/labs-no-mundo.md from livro/labs-no-mundo.html (Permalink: /livro/labs-no-mundo/)
Processing livro/redelabs-laboratórios-experimentais-em-rede-2014.html...
SUCCESS: Created _livro/redelabs-laboratorios-experimentais-em-rede-2014.md from livro/redelabs-laboratórios-experimentais-em-rede-2014.html (Permalink: /livro/redelabs-laboratórios-experimentais-em-rede-2014/)
