
--- Ensuring titles in index.md and sobre.md ---
index.md title is 'Home'.
Changed title in sobre.md from 'Sobre a RedeLabs' to 'Sobre'
--- Content of index.md after update ---
---
layout: default
title: Home
permalink: /
---

## Bem-vindo à Plataforma RedeLabs

RedeLabs <strike>é</strike> <em>era</em> uma plataforma para a investigação continuada a respeito de laboratórios experimentais de cultura digital. <strike>É</strike> <em>era</em> mantida <strike>atualmente</strike> por Felipe Fonseca e Luciana Fleischman como uma parceria entre [Ubalab](http://ubalab.org/) e a Coordenadoria Geral de Cultura Digital do Ministério da Cultura.
--- Content of sobre.md after update ---
---
layout: default
title: Sobre
permalink: /sobre/
---

::: {.field .field-name-body .field-type-text-with-summary .field-label-hidden}
::: field-items
::: {.field-item .even property="content:encoded"}
Este blog é o espaço de documentação do projeto Rede//Labs, que tem por
objetivo desenvolver estratégias para espaços de articulação, produção,
distribuição e exibição de cultura digital, arte eletrônica e novas
mídias.
:::
:::
:::

::: {.field .field-name-taxonomyextra .field-type-taxonomy-term-reference .field-label-above}
::: field-label
Taxonomy upgrade extras: 
:::

::: field-items
::: {.field-item .even}
[Sem
categoria](/wordpress-category/sem-categoria){typeof="skos:Concept"
property="rdfs:label skos:prefLabel" datatype=""}
:::
:::
:::

-
--- Creating livro.md ---
Created livro.md successfully.
--- Content of livro.md ---
---
layout: page
title: Publicações
permalink: /livro/
---

## Publicações

Aqui você encontra os livros e documentos produzidos.

<ul>
  {% for item in site.livro %}
    <li>
      <a href="{{ item.url | relative_url }}">{{ item.title }}</a>
      {% if item.date %}<small> ({{ item.date | date: "%Y-%m-%d" }})</small>{% endif %}
    </li>
  {% endfor %}
</ul>
--- Creating blog.md ---
Created blog.md successfully.
--- Content of blog.md ---
---
layout: page
title: Blog
permalink: /blog/
---

## Blog Posts

{% for post in site.posts %}
  <article class="post-item">
    <h3><a href="{{ post.url | relative_url }}">{{ post.title }}</a></h3>
    <p class="post-meta">{{ post.date | date: "%b %-d, %Y" }}</p>
    {% if post.excerpt %}
      {{ post.excerpt }}
    {% else %}
      {{ post.content | strip_html | truncatewords: 50 }}
    {% endif %}
    <p><a href="{{ post.url | relative_url }}">Leia mais...</a></p>
  </article>
{% endfor %}

<!-- Pagination (optional, many themes handle this if configured) -->
{% if paginator.total_pages > 1 %}
<div class="pagination">
  {% if paginator.previous_page %}
    <a href="{{ paginator.previous_page_path | relative_url }}" class="previous">Anterior</a>
  {% else %}
    <span class="previous">Anterior</span>
  {% endif %}
  <span class="page_number ">Página: {{ paginator.page }} de {{ paginator.total_pages }}</span>
  {% if paginator.next_page %}
    <a href="{{ paginator.next_page_path | relative_url }}" class="next">Próxima</a>
  {% else %}
    <span class="next">Próxima</span>
  {% endif %}
</div>
{% endif %}

Navigation setup tasks complete. Jekyll theme 'jekyll-theme-minimal' should pick up these pages.
