Starting 'node' content processing...
Processing node/124.html...
INFO: node/124.html (Canonical: /blog/segunda-chamada-para-ocupações-do-labceus) matches migrated pattern 'blog'. Skipping as duplicate.
Processing node/60.html...
INFO: node/60.html (Canonical: /blog/ciclo-hack) matches migrated pattern 'blog'. Skipping as duplicate.
Processing node/33.html...
INFO: node/33.html (Canonical: /blog/o-futuro-dos-laboratorios) matches migrated pattern 'blog'. Skipping as duplicate.
Processing node/26.html...
INFO: node/26.html (Canonical: /blog/future-everything-festivais-como-laboratorios-vivos) matches migrated pattern 'blog'. Skipping as duplicate.
Processing node/36.html...
INFO: node/36.html (Canonical: /blog/encontro-redelabs-preparando) matches migrated pattern 'blog'. Skipping as duplicate.
Processing node/95.html...
INFO: node/95.html (Canonical: /livro/laboratórios-experimentais-em-rede) matches migrated pattern 'livro'. Skipping as duplicate.
Processing node/20.html...
INFO: node/20.html (Canonical: /blog/plenaria-do-eixo-arte-digital-relatoria) matches migrated pattern 'blog'. Skipping as duplicate.
Processing node/102.html...
INFO: node/102.html (Canonical: /livro/minc-14/1/analise) matches migrated pattern 'livro'. Skipping as duplicate.
Processing node/115.html...
INFO: node/115.html (Canonical: /livro/minc-14/3/intro) matches migrated pattern 'livro'. Skipping as duplicate.
Processing node/9.html...
INFO: node/9.html (Canonical: /blog/eventos) matches migrated pattern 'blog'. Skipping as duplicate.
Processing node/78.html...
INFO: node/78.html (Canonical: /blog/labs-cidadaos) matches migrated pattern 'blog'. Skipping as duplicate.
Processing node/68.html...
INFO: node/68.html (Canonical: /blog/premio-brasil-criativo) matches migrated pattern 'blog'. Skipping as duplicate.
Processing node/70.html...
INFO: node/70.html (Canonical: /blog/sobre-labs-e-futuros) matches migrated pattern 'blog'. Skipping as duplicate.
Processing node/82.html...
INFO: node/82.html (Canonical: /blog/convocatoria-para-colaboradores-interactivos13-nuvem) matches migrated pattern 'blog'. Skipping as duplicate.
Processing node/131.html...
INFO: node/131.html (Canonical: /blog/encontro-de-labs-durante-o-red-bull-basement) matches migrated pattern 'blog'. Skipping as duplicate.
Processing node/55.html...
INFO: node/55.html (Canonical: /blog/toscolab-utopia) matches migrated pattern 'blog'. Skipping as duplicate.
Processing node/92.html...
INFO: node/92.html (Canonical: /plataforma-redelabs) matches migrated pattern 'plataforma-redelabs'. Skipping as duplicate.
Processing node/63.html...
INFO: node/63.html (Canonical: /blog/labs-experimentais) matches migrated pattern 'blog'. Skipping as duplicate.
Processing node/51.html...
INFO: node/51.html (Canonical: /blog/hackpraxis-boom-2011-–-parte-1) matches migrated pattern 'blog'. Skipping as duplicate.
Processing node/146.html...
INFO: node/146.html (Canonical: /blog/dos-laboratórios-experimentais-à-inovação-cidadã) matches migrated pattern 'blog'. Skipping as duplicate.
Processing node/128.html...
INFO: node/128.html (Canonical: /blog/tropixel-labs) matches migrated pattern 'blog'. Skipping as duplicate.
Processing node/76.html...
INFO: node/76.html (Canonical: /blog/video-cachoeira-bahia) matches migrated pattern 'blog'. Skipping as duplicate.
Processing node/103.html...
INFO: node/103.html (Canonical: /livro/minc-14/1/mapeamento) matches migrated pattern 'livro'. Skipping as duplicate.
Processing node/39.html...
INFO: node/39.html (Canonical: /blog/redelabs-uma-semana) matches migrated pattern 'blog'. Skipping as duplicate.
Processing node/71.html...
INFO: node/71.html (Canonical: /blog/labsurlab-minga-abierta-y-comun-lab) matches migrated pattern 'blog'. Skipping as duplicate.
Processing node/75.html...
INFO: node/75.html (Canonical: /blog/video-casa-da-cultura-digital) matches migrated pattern 'blog'. Skipping as duplicate.
Processing node/42.html...
INFO: node/42.html (Canonical: /blog/painel-internacional-laboratorios-experimentais) matches migrated pattern 'blog'. Skipping as duplicate.
Processing node/48.html...
INFO: node/48.html (Canonical: /blog/campus-party-labs-e-centros-de-fomento-cultura-digital) matches migrated pattern 'blog'. Skipping as duplicate.
Processing node/79.html...
INFO: node/79.html (Canonical: /blog/fast-forward-ffwd-hip3rorganicos) matches migrated pattern 'blog'. Skipping as duplicate.
Processing node/24.html...
INFO: node/24.html (Canonical: /blog/arte-do-cibridismo) matches migrated pattern 'blog'. Skipping as duplicate.
Processing node/90.html...
INFO: node/90.html (Canonical: /blog/redelabs-laboratórios-experimentais-em-rede) matches migrated pattern 'blog'. Skipping as duplicate.
Processing node/43.html...
INFO: node/43.html (Canonical: /blog/painel-laboratorios-experimentais-anotacoes) matches migrated pattern 'blog'. Skipping as duplicate.
Processing node/89.html...
INFO: node/89.html (Canonical: /blog/painel-laboratorios-experimentais-internet-archive) matches migrated pattern 'blog'. Skipping as duplicate.
Processing node/84.html...
INFO: node/84.html (Canonical: /blog/labe-laboratorios-experimentais-de-criatividade) matches migrated pattern 'blog'. Skipping as duplicate.
Processing node/88.html...
INFO: node/88.html (Canonical: /blog/conclusao) matches migrated pattern 'blog'. Skipping as duplicate.
Processing node/72.html...
INFO: node/72.html (Canonical: /blog/postura-experimental) matches migrated pattern 'blog'. Skipping as duplicate.
Processing node/109.html...
INFO: node/109.html (Canonical: /livro/minc-14/2/estrategias) matches migrated pattern 'livro'. Skipping as duplicate.
Processing node/74.html...
INFO: node/74.html (Canonical: /blog/ecolocatividade) matches migrated pattern 'blog'. Skipping as duplicate.
Processing node/62.html...
INFO: node/62.html (Canonical: /blog/hacklab-enredado) matches migrated pattern 'blog'. Skipping as duplicate.
Processing node/13.html...
INFO: node/13.html (Canonical: /blog/cultura-digital-experimental-parte-2-google-buzz) matches migrated pattern 'blog'. Skipping as duplicate.
Processing node/86.html...
INFO: node/86.html (Canonical: /blog/dissertacao-redigida) matches migrated pattern 'blog'. Skipping as duplicate.
Processing node/44.html...
INFO: node/44.html (Canonical: /blog/redelabs-campus-party) matches migrated pattern 'blog'. Skipping as duplicate.
Processing node/143.html...
INFO: node/143.html (Canonical: /blog/o-futuro-da-cultura-lab) matches migrated pattern 'blog'. Skipping as duplicate.
Processing node/47.html...
INFO: node/47.html (Canonical: /blog/lab-sur-lab) matches migrated pattern 'blog'. Skipping as duplicate.
Processing node/30.html...
INFO: node/30.html (Canonical: /blog/conversa-com-cesar-harada) matches migrated pattern 'blog'. Skipping as duplicate.
Processing node/5.html...
INFO: node/5.html (Canonical: /blog/wiki) matches migrated pattern 'blog'. Skipping as duplicate.
Processing node/3.html...
INFO: node/3.html (Canonical: /blog/laborando-em-rede) matches migrated pattern 'blog'. Skipping as duplicate.
Processing node/35.html...
INFO: node/35.html (Canonical: /blog/redelabs-no-forum-da-cultura-digital-2010) matches migrated pattern 'blog'. Skipping as duplicate.
Processing node/2.html...
INFO: node/2.html (Canonical: /sobre) matches migrated pattern 'sobre'. Skipping as duplicate.
Processing node/93.html...
INFO: node/93.html (Canonical: /livro/preparação-redelabs-2010) matches migrated pattern 'livro'. Skipping as duplicate.
Processing node/118.html...
INFO: node/118.html (Canonical: /livro/minc-14/3/referencias) matches migrated pattern 'livro'. Skipping as duplicate.
Processing node/132.html...
INFO: node/132.html (Canonical: /blog/apresentação-do-levantamento-redelabs-neste-sábado) matches migrated pattern 'blog'. Skipping as duplicate.
Processing node/83.html...
INFO: node/83.html (Canonical: /blog/oficinas-sesc-pompeia) matches migrated pattern 'blog'. Skipping as duplicate.
Processing node/52.html...
INFO: node/52.html (Canonical: /blog/experimentacao) matches migrated pattern 'blog'. Skipping as duplicate.
Processing node/7.html...
INFO: node/7.html (Canonical: /blog/o-seminario-redelabs) matches migrated pattern 'blog'. Skipping as duplicate.
Processing node/19.html...
INFO: node/19.html (Canonical: /blog/modelos-e-perspectivas-empyre) matches migrated pattern 'blog'. Skipping as duplicate.
Processing node/141.html...
INFO: node/141.html (Canonical: /blog/entrevista-com-rachel-rosalen-e-rafael-marchetti-–-idealizadores-e-coordenadores-do-ruralscapes) matches migrated pattern 'blog'. Skipping as duplicate.
Processing node/46.html...
INFO: node/46.html (Canonical: /blog/de-mudanca) matches migrated pattern 'blog'. Skipping as duplicate.
Processing node/27.html...
INFO: node/27.html (Canonical: /blog/entrevista-drew-hemment) matches migrated pattern 'blog'. Skipping as duplicate.
Processing node/29.html...
INFO: node/29.html (Canonical: /blog/bate-papo-com-gisela-domschke) matches migrated pattern 'blog'. Skipping as duplicate.
Processing node/54.html...
INFO: node/54.html (Canonical: /blog/brazil-no-labsurlab) matches migrated pattern 'blog'. Skipping as duplicate.
Processing node/127.html...
INFO: node/127.html (Canonical: /blog/laboratório-de-inovação-cidadã-recebe-propostas) matches migrated pattern 'blog'. Skipping as duplicate.
Processing node/116.html...
INFO: node/116.html (Canonical: /livro/minc-14/3/estrategias) matches migrated pattern 'livro'. Skipping as duplicate.
Processing node/40.html...
INFO: node/40.html (Canonical: /blog/redelabs-valeu) matches migrated pattern 'blog'. Skipping as duplicate.
Processing node/99.html...
INFO: node/99.html (Canonical: /livro/conclusão-espaços-em-branco) matches migrated pattern 'livro'. Skipping as duplicate.
Processing node/114.html...
INFO: node/114.html (Canonical: /livro/minc-14/3) matches migrated pattern 'livro'. Skipping as duplicate.
Processing node/6.html...
INFO: node/6.html (Canonical: /blog/grupo-redelabs) matches migrated pattern 'blog'. Skipping as duplicate.
Processing node/45.html...
INFO: node/45.html (Canonical: /blog/bolsa-de-cultura-digital-experimental-documentando) matches migrated pattern 'blog'. Skipping as duplicate.
Processing node/134.html...
INFO: node/134.html (Canonical: /blog/registro-do-encontro-aberto-de-labs-red-bull-basement) matches migrated pattern 'blog'. Skipping as duplicate.
Processing node/120.html...
INFO: node/120.html (Canonical: /blog/lab-ars-electronica-itu-telecom-doha-catar) matches migrated pattern 'blog'. Skipping as duplicate.
Processing node/145.html...
INFO: node/145.html (Canonical: /blog/vídeo-do-painel-internacional-laboratórios-experimentais-2010) matches migrated pattern 'blog'. Skipping as duplicate.
Processing node/138.html...
INFO: node/138.html (Canonical: /blog/revisitando-encontro-redelabs-em-2010) matches migrated pattern 'blog'. Skipping as duplicate.
Processing node/91.html...
INFO: node/91.html (Canonical: /blog/fablabs-makerspaces-gambiarra-e-conserto) matches migrated pattern 'blog'. Skipping as duplicate.
Processing node/142.html...
INFO: node/142.html (Canonical: /blog/laboratórios-experimentais-espaços-em-branco-na-educação-formal) matches migrated pattern 'blog'. Skipping as duplicate.
Processing node/12.html...
INFO: node/12.html (Canonical: /blog/cultura-digital-experimental-parte-1-twitter) matches migrated pattern 'blog'. Skipping as duplicate.
Processing node/130.html...
INFO: node/130.html (Canonical: /blog/redelabs-no-laboratório-de-cidades-sensitivas-labceus) matches migrated pattern 'blog'. Skipping as duplicate.
Processing node/137.html...
INFO: node/137.html (Canonical: /livro/primeiro-encontro-redelabs-2010) matches migrated pattern 'livro'. Skipping as duplicate.
Processing node/96.html...
INFO: node/96.html (Canonical: /livro/cultura-digital-experimental) matches migrated pattern 'livro'. Skipping as duplicate.
Processing node/117.html...
INFO: node/117.html (Canonical: /livro/minc-14/3/anexo-entrevistas) matches migrated pattern 'livro'. Skipping as duplicate.
Processing node/32.html...
INFO: node/32.html (Canonical: /blog/colartedigital) matches migrated pattern 'blog'. Skipping as duplicate.
Processing node/98.html...
INFO: node/98.html (Canonical: /livro/primavera-gelada) matches migrated pattern 'livro'. Skipping as duplicate.
Processing node/41.html...
INFO: node/41.html (Canonical: /blog/encontro-redelabs-como-foi) matches migrated pattern 'blog'. Skipping as duplicate.
Processing node/65.html...
INFO: node/65.html (Canonical: /blog/metas-do-pnc) matches migrated pattern 'blog'. Skipping as duplicate.
Processing node/16.html...
INFO: node/16.html (Canonical: /blog/redelabs-caminhos-brasileiros-para-cultura-digital-experimental) matches migrated pattern 'blog'. Skipping as duplicate.
Processing node/123.html...
INFO: node/123.html (Canonical: /blog/nascentes-de-dados-da-fumaça) matches migrated pattern 'blog'. Skipping as duplicate.
Processing node/66.html...
INFO: node/66.html (Canonical: /blog/mappa-laboratorios-do-mundo-todo) matches migrated pattern 'blog'. Skipping as duplicate.
Processing node/135.html...
INFO: node/135.html (Canonical: /blog/chamada-aberta-do-edital-rumos-itaú-cultural) matches migrated pattern 'blog'. Skipping as duplicate.
Processing node/15.html...
INFO: node/15.html (Canonical: /blog/um-resumo-do-brasil-profundo) matches migrated pattern 'blog'. Skipping as duplicate.
Processing node/80.html...
INFO: node/80.html (Canonical: /blog/medialab-prado) matches migrated pattern 'blog'. Skipping as duplicate.
Processing node/85.html...
INFO: node/85.html (Canonical: /blog/edison) matches migrated pattern 'blog'. Skipping as duplicate.
Processing node/110.html...
INFO: node/110.html (Canonical: /livro/minc-14/2/entrevistas) matches migrated pattern 'livro'. Skipping as duplicate.
Processing node/77.html...
INFO: node/77.html (Canonical: /blog/interfaces-publicas) matches migrated pattern 'blog'. Skipping as duplicate.
Processing node/37.html...
INFO: node/37.html (Canonical: /blog/redelabs-comecando) matches migrated pattern 'blog'. Skipping as duplicate.
Processing node/101.html...
INFO: node/101.html (Canonical: /livro/minc-14/1) matches migrated pattern 'livro'. Skipping as duplicate.
Processing node/61.html...
INFO: node/61.html (Canonical: /blog/mostra-de-labs-deaf-2012) matches migrated pattern 'blog'. Skipping as duplicate.
Processing node/108.html...
INFO: node/108.html (Canonical: /livro/minc-14/2/intro) matches migrated pattern 'livro'. Skipping as duplicate.
Processing node/112.html...
INFO: node/112.html (Canonical: /livro/minc-14/2/referencias) matches migrated pattern 'livro'. Skipping as duplicate.
Processing node/34.html...
INFO: node/34.html (Canonical: /blog/netart-latino-database) matches migrated pattern 'blog'. Skipping as duplicate.
Processing node/11.html...
INFO: node/11.html (Canonical: /blog/labtolab) matches migrated pattern 'blog'. Skipping as duplicate.
Processing node/4.html...
INFO: node/4.html (Canonical: /blog/redelabs-contexto) matches migrated pattern 'blog'. Skipping as duplicate.
Processing node/125.html...
INFO: node/125.html (Canonical: /blog/transformaking-chamada-aberta) matches migrated pattern 'blog'. Skipping as duplicate.
Processing node/17.html...
INFO: node/17.html (Canonical: /blog/cultura-digital-experimental-parte-3-lista-metareciclagem) matches migrated pattern 'blog'. Skipping as duplicate.
Processing node/58.html...
INFO: node/58.html (Canonical: /blog/revolucao-digital-ja-chegou-e-depois) matches migrated pattern 'blog'. Skipping as duplicate.
Processing node/69.html...
INFO: node/69.html (Canonical: /blog/labsurlab) matches migrated pattern 'blog'. Skipping as duplicate.
Processing node/22.html...
INFO: node/22.html (Canonical: /blog/fisli-debate-cultura-digital-experimental) matches migrated pattern 'blog'. Skipping as duplicate.
Processing node/81.html...
INFO: node/81.html (Canonical: /blog/para-que-serve-um-telecentro) matches migrated pattern 'blog'. Skipping as duplicate.
Processing node/144.html...
INFO: node/144.html (Canonical: /blog/espaços-de-inovação-na-américa-latina) matches migrated pattern 'blog'. Skipping as duplicate.
Processing node/111.html...
INFO: node/111.html (Canonical: /livro/minc-14/2/redelabs-2010) matches migrated pattern 'livro'. Skipping as duplicate.
Processing node/8.html...
INFO: node/8.html (Canonical: /blog/lugar-e-espaco) matches migrated pattern 'blog'. Skipping as duplicate.
Processing node/25.html...
INFO: node/25.html (Canonical: /blog/entrevista-alejo-duque) matches migrated pattern 'blog'. Skipping as duplicate.
Processing node/97.html...
INFO: node/97.html (Canonical: /livro/labs-no-mundo) matches migrated pattern 'livro'. Skipping as duplicate.
Processing node/104.html...
INFO: node/104.html (Canonical: /livro/minc-14/1/outras-iniciativas) matches migrated pattern 'livro'. Skipping as duplicate.
Processing node/59.html...
INFO: node/59.html (Canonical: /blog/simposio-rumos-arte-cibernetica) matches migrated pattern 'blog'. Skipping as duplicate.
Processing node/50.html...
INFO: node/50.html (Canonical: /blog/laboratorios-experimentais-interface-rede-rua) matches migrated pattern 'blog'. Skipping as duplicate.
Processing node/23.html...
INFO: node/23.html (Canonical: /blog/file) matches migrated pattern 'blog'. Skipping as duplicate.
Processing node/56.html...
INFO: node/56.html (Canonical: /blog/tecnoxamanismo-digitofagico) matches migrated pattern 'blog'. Skipping as duplicate.
Processing node/94.html...
INFO: node/94.html (Canonical: /livro/redelabs-laboratórios-experimentais-em-rede-2014) matches migrated pattern 'livro'. Skipping as duplicate.
Processing node/100.html...
INFO: node/100.html (Canonical: /livro/referências) matches migrated pattern 'livro'. Skipping as duplicate.
Processing node/126.html...
INFO: node/126.html (Canonical: /blog/labceus-divulgam-lista-de-projetos-pré-selecionados) matches migrated pattern 'blog'. Skipping as duplicate.
Processing node/121.html...
INFO: node/121.html (Canonical: /blog/digital-culture-short-report) matches migrated pattern 'blog'. Skipping as duplicate.
Processing node/18.html...
INFO: node/18.html (Canonical: /blog/laboratorios-de-experimentacao-em-cultura-digital-gangues-e-industria-criativa) matches migrated pattern 'blog'. Skipping as duplicate.
Processing node/106.html...
INFO: node/106.html (Canonical: /blog/publicando) matches migrated pattern 'blog'. Skipping as duplicate.
Processing node/107.html...
INFO: node/107.html (Canonical: /livro/minc-14/2) matches migrated pattern 'livro'. Skipping as duplicate.
Processing node/67.html...
INFO: node/67.html (Canonical: /blog/midias-locativas-regiao-amazonica) matches migrated pattern 'blog'. Skipping as duplicate.
Processing node/133.html...
INFO: node/133.html (Canonical: /blog/projetos-selecionados-para-o-labic) matches migrated pattern 'blog'. Skipping as duplicate.
Processing node/38.html...
INFO: node/38.html (Canonical: /blog/redelabs-alinhando) matches migrated pattern 'blog'. Skipping as duplicate.
Processing node/53.html...
INFO: node/53.html (Canonical: /blog/laboratorios-e-redes-desde-uma-perspectiva-das-comunidades-–-comunidades-desde-uma-perspectiva-) matches migrated pattern 'blog'. Skipping as duplicate.
Processing node/139.html...
INFO: node/139.html (Canonical: /blog/resultado-do-edital-“agentes-de-governo-aberto”-do-programa-são-paulo-aberta) matches migrated pattern 'blog'. Skipping as duplicate.
Processing node/10.html...
INFO: node/10.html (Canonical: /blog/uma-conversa-com-james-wallbank) matches migrated pattern 'blog'. Skipping as duplicate.
Processing node/113.html...
INFO: node/113.html (Canonical: /blog/redelabs-segunda-etapa) matches migrated pattern 'blog'. Skipping as duplicate.
Processing node/129.html...
INFO: node/129.html (Canonical: /blog/imersão-no-ruralscapes) matches migrated pattern 'blog'. Skipping as duplicate.
Processing node/31.html...
INFO: node/31.html (Canonical: /blog/interactivos-10-bh) matches migrated pattern 'blog'. Skipping as duplicate.
Processing node/28.html...
INFO: node/28.html (Canonical: /blog/cidades-digitais) matches migrated pattern 'blog'. Skipping as duplicate.
Processing node/49.html...
INFO: node/49.html (Canonical: /blog/redelabs-nao-redelab) matches migrated pattern 'blog'. Skipping as duplicate.
Processing node/87.html...
INFO: node/87.html (Canonical: /blog/sobre-labs) matches migrated pattern 'blog'. Skipping as duplicate.
Processing node/73.html...
INFO: node/73.html (Canonical: /blog/video-solvendo-e-coagulando) matches migrated pattern 'blog'. Skipping as duplicate.
Processing node/21.html...
INFO: node/21.html (Canonical: /blog/labtolab-diario) matches migrated pattern 'blog'. Skipping as duplicate.
Processing node/14.html...
INFO: node/14.html (Canonical: /blog/laboratorios-de-midia-referencias) matches migrated pattern 'blog'. Skipping as duplicate.
Processing node/64.html...
INFO: node/64.html (Canonical: /blog/labx-festival-culturadigitalbr) matches migrated pattern 'blog'. Skipping as duplicate.
Processing node/105.html...
INFO: node/105.html (Canonical: /livro/minc-14/1/referencias) matches migrated pattern 'livro'. Skipping as duplicate.
Processing node/119.html...
INFO: node/119.html (Canonical: /blog/arranjos-experimentais-última-parte) matches migrated pattern 'blog'. Skipping as duplicate.
--- Node processing summary ---
Skipped (duplicates): 0
Processed (unique): 0
Errors: 0
Total files checked: 141
